#
# A fatal error has been detected by the Java Runtime Environment:
#
#  SIGILL (0x4) at pc=0x00007fffb35f7bde, pid=82528, tid=0x0000000000000203
#
# JRE version: Java(TM) SE Runtime Environment (8.0_102-b14) (build 1.8.0_102-b14)
# Java VM: Java HotSpot(TM) 64-Bit Server VM (25.102-b14 mixed mode bsd-amd64 compressed oops)
# Problematic frame:
# C  [libsystem_platform.dylib+0x5bde]  _os_unfair_lock_corruption_abort+0x17
#
# Failed to write core dump. Core dumps have been disabled. To enable core dumping, try "ulimit -c unlimited" before starting Java again
#
# If you would like to submit a bug report, please visit:
#   http://bugreport.java.com/bugreport/crash.jsp
# The crash happened outside the Java Virtual Machine in native code.
# See problematic frame for where to report the bug.
#

---------------  T H R E A D  ---------------

Current thread (0x0000000125584800):  JavaThread "Spawner Reaper" daemon [_thread_in_native, id=77323, stack(0x0000700004fe2000,0x00007000050e2000)]

siginfo: si_signo: 4 (SIGILL), si_code: 1 (ILL_ILLOPC), si_addr: 0x00007fffb35f7bde

Registers:
RAX=0x0000000000000306, RBX=0x0000000000000306, RCX=0x00007fffb35f9b6c, RDX=0x0000000000000000
RSP=0x00007000050e1348, RBP=0x00007000050e1380, RSI=0x00007fffbc183b00, RDI=0x0000000000000306
R8 =0x00000000000000c4, R9 =0x00000000000000c5, R10=0x0000000000000000, R11=0x0000000000000246
R12=0x00007fffbc183b00, R13=0x0000000000000203, R14=0x0000000001010002, R15=0x0000000000000203
RIP=0x00007fffb35f7bde, EFLAGS=0x0000000000010246, ERR=0x0000000000000000
  TRAPNO=0x0000000000000006

Top of Stack: (sp=0x00007000050e1348)
0x00007000050e1348:   00007fffb35f744e 0000000000000307
0x00007000050e1358:   0000000000000680 00000001002e9960
0x00007000050e1368:   00007fffbc183480 00007fffbc183b00
0x00007000050e1378:   000000012ac95820 00007000050e13d0
0x00007000050e1388:   00007fffb2af83ae 0000000000000000
0x00007000050e1398:   0000000000000000 0000000000000000
0x00007000050e13a8:   00000001002e9960 0000000100200c10
0x00007000050e13b8:   0000000000000000 0000000000000001
0x00007000050e13c8:   000000012ac95820 00007000050e13f0
0x00007000050e13d8:   00007fffb2af80f9 00000001002e9960
0x00007000050e13e8:   0000000000000006 00007000050e1410
0x00007000050e13f8:   00007fffb2af8059 0000000000000000
0x00007000050e1408:   000000012acc2e80 00007000050e1430
0x00007000050e1418:   00007fffb363fb37 0000000000000203
0x00007000050e1428:   0000000000000000 00007000050e1460
0x00007000050e1438:   00007fffb363fa53 00007fffbc243a50
0x00007000050e1448:   000000012ac95820 00000001228d2840
0x00007000050e1458:   00007000050e14c4 00007000050e1480
0x00007000050e1468:   00007fffb363f50d 00000000ffffffff
0x00007000050e1478:   000000012ac95820 00007000050e14a0
0x00007000050e1488:   00007fffb34d81c7 00007fffbc2236f8
0x00007000050e1498:   000000011b3efeca 00007000050e14f0
0x00007000050e14a8:   00007fffb34d8102 c241f090d2310029
0x00007000050e14b8:   0000000000000000 0000000200000000
0x00007000050e14c8:   000000011b3efeca 0000000000000000
0x00007000050e14d8:   000000012fa1a810 c241f090d2310029
0x00007000050e14e8:   0000000125584800 00007000050e1510
0x00007000050e14f8:   00007fffb34d8058 000000011b3efeca
0x00007000050e1508:   0000000000000000 00007000050e1560
0x00007000050e1518:   000000011b3ef65e 0000000000000000
0x00007000050e1528:   0000000000000000 00007fffb350e38a
0x00007000050e1538:   0000000000000000 0000000000000003 

Instructions: (pc=0x00007fffb35f7bde)
0x00007fffb35f7bbe:   89 f7 e8 55 18 00 00 eb ae 89 f8 48 8d 0d 9c 1f
0x00007fffb35f7bce:   00 00 48 89 0d e1 b6 c3 08 48 89 05 0a b7 c3 08
0x00007fffb35f7bde:   0f 0b 89 f8 48 8d 0d 12 20 00 00 48 89 0d c8 b6
0x00007fffb35f7bee:   c3 08 48 89 05 f1 b6 c3 08 0f 0b 55 48 89 e5 41 

Register to memory mapping:

RAX=0x0000000000000306 is an unknown value
RBX=0x0000000000000306 is an unknown value
RCX=0x00007fffb35f9b6c: _h+0x25c in /usr/lib/system/libsystem_platform.dylib at 0x00007fffb35f2000
RDX=0x0000000000000000 is an unknown value
RSP=0x00007000050e1348 is pointing into the stack for thread: 0x0000000125584800
RBP=0x00007000050e1380 is pointing into the stack for thread: 0x0000000125584800
RSI=0x00007fffbc183b00: _ZN12_GLOBAL__N_1L12SideTableBufE+0x680 in /usr/lib/libobjc.A.dylib at 0x00007fffb2aef000
RDI=0x0000000000000306 is an unknown value
R8 =0x00000000000000c4 is an unknown value
R9 =0x00000000000000c5 is an unknown value
R10=0x0000000000000000 is an unknown value
R11=0x0000000000000246 is an unknown value
R12=0x00007fffbc183b00: _ZN12_GLOBAL__N_1L12SideTableBufE+0x680 in /usr/lib/libobjc.A.dylib at 0x00007fffb2aef000
R13=0x0000000000000203 is an unknown value
R14=0x0000000001010002 is an unknown value
R15=0x0000000000000203 is an unknown value


Stack: [0x0000700004fe2000,0x00007000050e2000],  sp=0x00007000050e1348,  free space=1020k
Native frames: (J=compiled Java code, j=interpreted, Vv=VM code, C=native code)
C  [libsystem_platform.dylib+0x5bde]  _os_unfair_lock_corruption_abort+0x17
C  [libobjc.A.dylib+0x93ae]  _ZN11objc_object27sidetable_clearDeallocatingEv+0x54
C  [libobjc.A.dylib+0x90f9]  objc_destructInstance+0x8f
C  [libobjc.A.dylib+0x9059]  object_dispose+0x16
C  [libxpc.dylib+0x4b37]  _xpc_dictionary_node_free+0x36
C  [libxpc.dylib+0x4a53]  _xpc_dictionary_dispose+0x22
C  [libxpc.dylib+0x450d]  _xpc_dispose+0xf
C  [libsystem_info.dylib+0x61c7]  ds_group_byname+0x58
C  [libsystem_info.dylib+0x6102]  search_group_byname+0x66
C  [libsystem_info.dylib+0x6058]  getgrnam+0x33
C  [libspawner.jnilib+0x265e]  ptys_open+0x1e
C  [libspawner.jnilib+0x20ee]  exec_pty+0x22e
C  [libspawner.jnilib+0x1102]  Java_org_eclipse_cdt_utils_spawner_Spawner_exec2+0x182
j  org.eclipse.cdt.utils.spawner.Spawner.exec2([Ljava/lang/String;[Ljava/lang/String;Ljava/lang/String;[ILjava/lang/String;IZ)I+0
j  org.eclipse.cdt.utils.pty.PTY.exec_pty(Lorg/eclipse/cdt/utils/spawner/Spawner;[Ljava/lang/String;[Ljava/lang/String;Ljava/lang/String;[I)I+48
j  org.eclipse.cdt.utils.spawner.Spawner$2.execute([Ljava/lang/String;[Ljava/lang/String;Ljava/lang/String;[I)I+13
j  org.eclipse.cdt.utils.spawner.Spawner$Reaper.run()V+20
v  ~StubRoutines::call_stub
V  [libjvm.dylib+0x2ed5e2]
V  [libjvm.dylib+0x2edd70]
V  [libjvm.dylib+0x2edf1c]
V  [libjvm.dylib+0x348691]
V  [libjvm.dylib+0x56a4db]
V  [libjvm.dylib+0x56bbc8]
V  [libjvm.dylib+0x489ed2]
C  [libsystem_pthread.dylib+0x3aab]  _pthread_body+0xb4
C  [libsystem_pthread.dylib+0x39f7]  _pthread_body+0x0
C  [libsystem_pthread.dylib+0x31fd]  thread_start+0xd
C  0x0000000000000000

Java frames: (J=compiled Java code, j=interpreted, Vv=VM code)
j  org.eclipse.cdt.utils.spawner.Spawner.exec2([Ljava/lang/String;[Ljava/lang/String;Ljava/lang/String;[ILjava/lang/String;IZ)I+0
j  org.eclipse.cdt.utils.pty.PTY.exec_pty(Lorg/eclipse/cdt/utils/spawner/Spawner;[Ljava/lang/String;[Ljava/lang/String;Ljava/lang/String;[I)I+48
j  org.eclipse.cdt.utils.spawner.Spawner$2.execute([Ljava/lang/String;[Ljava/lang/String;Ljava/lang/String;[I)I+13
j  org.eclipse.cdt.utils.spawner.Spawner$Reaper.run()V+20
v  ~StubRoutines::call_stub

---------------  P R O C E S S  ---------------

Java Threads: ( => current thread )
=>0x0000000125584800 JavaThread "Spawner Reaper" daemon [_thread_in_native, id=77323, stack(0x0000700004fe2000,0x00007000050e2000)]
  0x000000012a343000 JavaThread "org.eclipse.cdt.internal.ui.text.CReconciler" daemon [_thread_blocked, id=72067, stack(0x0000700004e5c000,0x0000700004f5c000)]
  0x00000001011fd800 JavaThread "org.eclipse.cdt.internal.ui.text.CReconciler" daemon [_thread_blocked, id=5947, stack(0x0000700004d59000,0x0000700004e59000)]
  0x0000000125249800 JavaThread "[ThreadPool Manager] - Idle Thread" daemon [_thread_blocked, id=79371, stack(0x0000700004c56000,0x0000700004d56000)]
  0x00000001253dc000 JavaThread "Provisioning Event Dispatcher" daemon [_thread_blocked, id=85003, stack(0x0000700004b53000,0x0000700004c53000)]
  0x000000010452d800 JavaThread "Worker-15" [_thread_blocked, id=84483, stack(0x0000700004a50000,0x0000700004b50000)]
  0x0000000129c25000 JavaThread "Worker-14" [_thread_blocked, id=83719, stack(0x000070000494d000,0x0000700004a4d000)]
  0x0000000129a73000 JavaThread "Worker-13" [_thread_blocked, id=83463, stack(0x000070000484a000,0x000070000494a000)]
  0x000000012347e000 JavaThread "Worker-12" [_thread_blocked, id=82955, stack(0x0000700004747000,0x0000700004847000)]
  0x00000001009f9800 JavaThread "Worker-11" [_thread_blocked, id=82447, stack(0x0000700004619000,0x0000700004719000)]
  0x0000000124856000 JavaThread "Thread-10" [_thread_blocked, id=79899, stack(0x0000700004516000,0x0000700004616000)]
  0x0000000123088800 JavaThread "Worker-10" [_thread_blocked, id=76547, stack(0x0000700004413000,0x0000700004513000)]
  0x0000000100abb800 JavaThread "Worker-9" [_thread_blocked, id=76035, stack(0x0000700004310000,0x0000700004410000)]
  0x000000012543e000 JavaThread "Worker-8" [_thread_blocked, id=75523, stack(0x000070000420d000,0x000070000430d000)]
  0x00000001235bf000 JavaThread "Worker-7" [_thread_blocked, id=75011, stack(0x000070000410a000,0x000070000420a000)]
  0x0000000100c45000 JavaThread "Worker-6" [_thread_blocked, id=63495, stack(0x0000700004007000,0x0000700004107000)]
  0x0000000100aba800 JavaThread "Worker-5" [_thread_blocked, id=74499, stack(0x0000700003f04000,0x0000700004004000)]
  0x0000000101466000 JavaThread "Worker-4" [_thread_blocked, id=61967, stack(0x0000700003e01000,0x0000700003f01000)]
  0x0000000100d0b000 JavaThread "Worker-3" [_thread_blocked, id=62471, stack(0x0000700003cfe000,0x0000700003dfe000)]
  0x000000010424b000 JavaThread "Worker-2" [_thread_blocked, id=74011, stack(0x0000700003bfb000,0x0000700003cfb000)]
  0x0000000100f64800 JavaThread "org.eclipse.cdt.internal.ui.text.CReconciler" daemon [_thread_blocked, id=18187, stack(0x0000700001783000,0x0000700001883000)]
  0x0000000101c06000 JavaThread "EventAdmin Async Event Dispatcher Thread" daemon [_thread_blocked, id=61603, stack(0x0000700003869000,0x0000700003969000)]
  0x0000000123133000 JavaThread "Worker-1" [_thread_blocked, id=60943, stack(0x0000700003766000,0x0000700003866000)]
  0x0000000121add800 JavaThread "Bundle File Closer" daemon [_thread_blocked, id=5127, stack(0x0000700003663000,0x0000700003763000)]
  0x0000000101526800 JavaThread "Worker-0" [_thread_blocked, id=60419, stack(0x0000700003257000,0x0000700003357000)]
  0x0000000100c72800 JavaThread "EMF Reference Cleaner" daemon [_thread_blocked, id=57603, stack(0x0000700003560000,0x0000700003660000)]
  0x0000000101b2e000 JavaThread "Worker-JM" [_thread_blocked, id=57091, stack(0x000070000345d000,0x000070000355d000)]
  0x0000000104274800 JavaThread "[Timer] - Main Queue Handler" daemon [_thread_blocked, id=56579, stack(0x000070000335a000,0x000070000345a000)]
  0x00000001019d5000 JavaThread "Start Level: Equinox Container: c7197276-2bb5-413b-8d53-0a03dd0bdcdb" daemon [_thread_blocked, id=51459, stack(0x0000700003154000,0x0000700003254000)]
  0x0000000100a30800 JavaThread "Framework Event Dispatcher: org.eclipse.osgi.internal.framework.EquinoxEventPublisher@5d332969" daemon [_thread_blocked, id=50947, stack(0x0000700003051000,0x0000700003151000)]
  0x000000010439e000 JavaThread "Active Thread: Equinox Container: c7197276-2bb5-413b-8d53-0a03dd0bdcdb" [_thread_blocked, id=50443, stack(0x0000700002f4e000,0x000070000304e000)]
  0x0000000100853000 JavaThread "Service Thread" daemon [_thread_blocked, id=33283, stack(0x0000700002d48000,0x0000700002e48000)]
  0x000000010111d800 JavaThread "C1 CompilerThread2" daemon [_thread_blocked, id=32771, stack(0x0000700002c45000,0x0000700002d45000)]
  0x000000010111d000 JavaThread "C2 CompilerThread1" daemon [_thread_blocked, id=32259, stack(0x0000700002b42000,0x0000700002c42000)]
  0x000000010111c000 JavaThread "C2 CompilerThread0" daemon [_thread_blocked, id=31747, stack(0x0000700002a3f000,0x0000700002b3f000)]
  0x000000010111b800 JavaThread "Signal Dispatcher" daemon [_thread_blocked, id=31235, stack(0x000070000293c000,0x0000700002a3c000)]
  0x000000010112b800 JavaThread "Surrogate Locker Thread (Concurrent GC)" daemon [_thread_blocked, id=30467, stack(0x0000700002839000,0x0000700002939000)]
  0x0000000100884000 JavaThread "Finalizer" daemon [_thread_blocked, id=29443, stack(0x0000700002736000,0x0000700002836000)]
  0x0000000100881000 JavaThread "Reference Handler" daemon [_thread_blocked, id=28931, stack(0x0000700002633000,0x0000700002733000)]
  0x000000010400f000 JavaThread "main" [_thread_in_native, id=775, stack(0x00007fff5f400000,0x00007fff5fc00000)]

Other Threads:
  0x000000010087c800 VMThread [stack: 0x0000700002530000,0x0000700002630000] [id=28419]
  0x0000000100857800 WatcherThread [stack: 0x0000700002e4b000,0x0000700002f4b000] [id=33795]

VM state:not at safepoint (normal execution)

VM Mutex/Monitor currently owned by a thread: None

Heap:
 garbage-first heap   total 262144K, used 125962K [0x0000000780000000, 0x0000000780100800, 0x00000007c0000000)
  region size 1024K, 36 young (36864K), 6 survivors (6144K)
 Metaspace       used 104834K, capacity 114884K, committed 115112K, reserved 1148928K
  class space    used 13019K, capacity 16042K, committed 16092K, reserved 1048576K

Heap Regions: (Y=young(eden), SU=young(survivor), HS=humongous(starts), HC=humongous(continues), CS=collection set, F=free, TS=gc time stamp, PTAMS=previous top-at-mark-start, NTAMS=next top-at-mark-start)
AC   0  O    TS     0 PTAMS 0x0000000780100000 NTAMS 0x0000000780100000 space 1024K, 100% used [0x0000000780000000, 0x0000000780100000)
AC   0  O    TS     0 PTAMS 0x0000000780200000 NTAMS 0x0000000780200000 space 1024K, 100% used [0x0000000780100000, 0x0000000780200000)
AC   0  O    TS     0 PTAMS 0x0000000780300000 NTAMS 0x0000000780300000 space 1024K, 100% used [0x0000000780200000, 0x0000000780300000)
AC   0  O    TS     0 PTAMS 0x0000000780400000 NTAMS 0x0000000780400000 space 1024K, 100% used [0x0000000780300000, 0x0000000780400000)
AC   0  O    TS     0 PTAMS 0x0000000780500000 NTAMS 0x0000000780500000 space 1024K, 100% used [0x0000000780400000, 0x0000000780500000)
AC   0  O    TS     0 PTAMS 0x0000000780600000 NTAMS 0x0000000780600000 space 1024K, 100% used [0x0000000780500000, 0x0000000780600000)
AC   0  O    TS     0 PTAMS 0x0000000780700000 NTAMS 0x0000000780700000 space 1024K, 100% used [0x0000000780600000, 0x0000000780700000)
AC   0  O    TS     0 PTAMS 0x0000000780800000 NTAMS 0x0000000780800000 space 1024K, 100% used [0x0000000780700000, 0x0000000780800000)
AC   0  O    TS     0 PTAMS 0x0000000780900000 NTAMS 0x0000000780900000 space 1024K, 100% used [0x0000000780800000, 0x0000000780900000)
AC   0  O    TS     0 PTAMS 0x0000000780a00000 NTAMS 0x0000000780a00000 space 1024K, 100% used [0x0000000780900000, 0x0000000780a00000)
AC   0  O    TS     0 PTAMS 0x0000000780b00000 NTAMS 0x0000000780b00000 space 1024K, 100% used [0x0000000780a00000, 0x0000000780b00000)
AC   0  O    TS     0 PTAMS 0x0000000780c00000 NTAMS 0x0000000780c00000 space 1024K, 100% used [0x0000000780b00000, 0x0000000780c00000)
AC   0  O    TS     0 PTAMS 0x0000000780d00000 NTAMS 0x0000000780d00000 space 1024K, 100% used [0x0000000780c00000, 0x0000000780d00000)
AC   0  O    TS     0 PTAMS 0x0000000780e00000 NTAMS 0x0000000780e00000 space 1024K, 100% used [0x0000000780d00000, 0x0000000780e00000)
AC   0  O    TS     0 PTAMS 0x0000000780f00000 NTAMS 0x0000000780f00000 space 1024K, 100% used [0x0000000780e00000, 0x0000000780f00000)
AC   0  O    TS     0 PTAMS 0x0000000781000000 NTAMS 0x0000000781000000 space 1024K, 100% used [0x0000000780f00000, 0x0000000781000000)
AC   0  O    TS     0 PTAMS 0x0000000781100000 NTAMS 0x0000000781100000 space 1024K, 100% used [0x0000000781000000, 0x0000000781100000)
AC   0  O    TS     0 PTAMS 0x0000000781200000 NTAMS 0x0000000781200000 space 1024K, 100% used [0x0000000781100000, 0x0000000781200000)
AC   0  O    TS     0 PTAMS 0x0000000781300000 NTAMS 0x0000000781300000 space 1024K, 100% used [0x0000000781200000, 0x0000000781300000)
AC   0  O    TS     0 PTAMS 0x0000000781400000 NTAMS 0x0000000781400000 space 1024K, 100% used [0x0000000781300000, 0x0000000781400000)
AC   0  O    TS     0 PTAMS 0x0000000781500000 NTAMS 0x0000000781500000 space 1024K, 100% used [0x0000000781400000, 0x0000000781500000)
AC   0  O    TS     0 PTAMS 0x0000000781600000 NTAMS 0x0000000781600000 space 1024K, 100% used [0x0000000781500000, 0x0000000781600000)
AC   0  O    TS     0 PTAMS 0x0000000781700000 NTAMS 0x0000000781700000 space 1024K, 100% used [0x0000000781600000, 0x0000000781700000)
AC   0  O    TS     0 PTAMS 0x0000000781800000 NTAMS 0x0000000781800000 space 1024K, 100% used [0x0000000781700000, 0x0000000781800000)
AC   0  O    TS     0 PTAMS 0x0000000781900000 NTAMS 0x0000000781900000 space 1024K, 100% used [0x0000000781800000, 0x0000000781900000)
AC   0  O    TS     0 PTAMS 0x0000000781a00000 NTAMS 0x0000000781a00000 space 1024K, 100% used [0x0000000781900000, 0x0000000781a00000)
AC   0  O    TS     0 PTAMS 0x0000000781b00000 NTAMS 0x0000000781b00000 space 1024K, 100% used [0x0000000781a00000, 0x0000000781b00000)
AC   0  O    TS     0 PTAMS 0x0000000781c00000 NTAMS 0x0000000781c00000 space 1024K, 100% used [0x0000000781b00000, 0x0000000781c00000)
AC   0  O    TS     0 PTAMS 0x0000000781d00000 NTAMS 0x0000000781d00000 space 1024K, 100% used [0x0000000781c00000, 0x0000000781d00000)
AC   0  O    TS     0 PTAMS 0x0000000781e00000 NTAMS 0x0000000781e00000 space 1024K, 100% used [0x0000000781d00000, 0x0000000781e00000)
AC   0  O    TS     0 PTAMS 0x0000000781f00000 NTAMS 0x0000000781f00000 space 1024K, 100% used [0x0000000781e00000, 0x0000000781f00000)
AC   0  O    TS     0 PTAMS 0x0000000782000000 NTAMS 0x0000000782000000 space 1024K, 100% used [0x0000000781f00000, 0x0000000782000000)
AC   0  O    TS     0 PTAMS 0x0000000782100000 NTAMS 0x0000000782100000 space 1024K, 100% used [0x0000000782000000, 0x0000000782100000)
AC   0  O    TS     0 PTAMS 0x0000000782200000 NTAMS 0x0000000782200000 space 1024K, 100% used [0x0000000782100000, 0x0000000782200000)
AC   0  O    TS     3 PTAMS 0x0000000782200000 NTAMS 0x0000000782200000 space 1024K, 100% used [0x0000000782200000, 0x0000000782300000)
AC   0  O    TS     3 PTAMS 0x0000000782300000 NTAMS 0x0000000782300000 space 1024K, 100% used [0x0000000782300000, 0x0000000782400000)
AC   0 HS    TS     0 PTAMS 0x0000000782400000 NTAMS 0x0000000782400000 space 1024K,  54% used [0x0000000782400000, 0x0000000782500000)
AC   0  O    TS     1 PTAMS 0x0000000782500000 NTAMS 0x0000000782500000 space 1024K, 100% used [0x0000000782500000, 0x0000000782600000)
AC   0  O    TS     1 PTAMS 0x0000000782600000 NTAMS 0x0000000782600000 space 1024K, 100% used [0x0000000782600000, 0x0000000782700000)
AC   0  O    TS     1 PTAMS 0x0000000782700000 NTAMS 0x0000000782700000 space 1024K, 100% used [0x0000000782700000, 0x0000000782800000)
AC   0  O    TS     1 PTAMS 0x0000000782800000 NTAMS 0x0000000782800000 space 1024K, 100% used [0x0000000782800000, 0x0000000782900000)
AC   0  O    TS     1 PTAMS 0x0000000782900000 NTAMS 0x0000000782900000 space 1024K, 100% used [0x0000000782900000, 0x0000000782a00000)
AC   0  O    TS     1 PTAMS 0x0000000782a00000 NTAMS 0x0000000782a00000 space 1024K, 100% used [0x0000000782a00000, 0x0000000782b00000)
AC   0  O    TS     1 PTAMS 0x0000000782b00000 NTAMS 0x0000000782b00000 space 1024K, 100% used [0x0000000782b00000, 0x0000000782c00000)
AC   0  O    TS     0 PTAMS 0x0000000782d00000 NTAMS 0x0000000782d00000 space 1024K, 100% used [0x0000000782c00000, 0x0000000782d00000)
AC   0  O    TS     0 PTAMS 0x0000000782e00000 NTAMS 0x0000000782e00000 space 1024K, 100% used [0x0000000782d00000, 0x0000000782e00000)
AC   0  O    TS     0 PTAMS 0x0000000782f00000 NTAMS 0x0000000782f00000 space 1024K, 100% used [0x0000000782e00000, 0x0000000782f00000)
AC   0  O    TS     0 PTAMS 0x0000000783000000 NTAMS 0x0000000783000000 space 1024K, 100% used [0x0000000782f00000, 0x0000000783000000)
AC   0  O    TS     0 PTAMS 0x0000000783100000 NTAMS 0x0000000783100000 space 1024K, 100% used [0x0000000783000000, 0x0000000783100000)
AC   0  O    TS     0 PTAMS 0x0000000783200000 NTAMS 0x0000000783200000 space 1024K, 100% used [0x0000000783100000, 0x0000000783200000)
AC   0  O    TS     0 PTAMS 0x0000000783300000 NTAMS 0x0000000783300000 space 1024K, 100% used [0x0000000783200000, 0x0000000783300000)
AC   0  O    TS     0 PTAMS 0x0000000783400000 NTAMS 0x0000000783400000 space 1024K, 100% used [0x0000000783300000, 0x0000000783400000)
AC   0  O    TS     0 PTAMS 0x0000000783500000 NTAMS 0x0000000783500000 space 1024K, 100% used [0x0000000783400000, 0x0000000783500000)
AC   0  O    TS     0 PTAMS 0x0000000783600000 NTAMS 0x0000000783600000 space 1024K, 100% used [0x0000000783500000, 0x0000000783600000)
AC   0  O    TS     0 PTAMS 0x0000000783700000 NTAMS 0x0000000783700000 space 1024K, 100% used [0x0000000783600000, 0x0000000783700000)
AC   0  O    TS     1 PTAMS 0x0000000783780008 NTAMS 0x0000000783780008 space 1024K, 100% used [0x0000000783700000, 0x0000000783800000)
AC   0  O    TS     3 PTAMS 0x0000000783800000 NTAMS 0x0000000783800000 space 1024K, 100% used [0x0000000783800000, 0x0000000783900000)
AC   0  O    TS     1 PTAMS 0x0000000783900000 NTAMS 0x0000000783900000 space 1024K, 100% used [0x0000000783900000, 0x0000000783a00000)
AC   0  O    TS     1 PTAMS 0x0000000783a00000 NTAMS 0x0000000783a00000 space 1024K, 100% used [0x0000000783a00000, 0x0000000783b00000)
AC   0  O    TS     1 PTAMS 0x0000000783b00000 NTAMS 0x0000000783b00000 space 1024K, 100% used [0x0000000783b00000, 0x0000000783c00000)
AC   0  O    TS     1 PTAMS 0x0000000783c00000 NTAMS 0x0000000783c00000 space 1024K, 100% used [0x0000000783c00000, 0x0000000783d00000)
AC   0  O    TS     1 PTAMS 0x0000000783d00000 NTAMS 0x0000000783d00000 space 1024K, 100% used [0x0000000783d00000, 0x0000000783e00000)
AC   0  O    TS     3 PTAMS 0x0000000783e00000 NTAMS 0x0000000783e00000 space 1024K, 100% used [0x0000000783e00000, 0x0000000783f00000)
AC   0  O    TS     3 PTAMS 0x0000000783f00000 NTAMS 0x0000000783f00000 space 1024K, 100% used [0x0000000783f00000, 0x0000000784000000)
AC   0  O    TS     3 PTAMS 0x0000000784000000 NTAMS 0x0000000784000000 space 1024K, 100% used [0x0000000784000000, 0x0000000784100000)
AC   0  O    TS     3 PTAMS 0x0000000784100000 NTAMS 0x0000000784100000 space 1024K, 100% used [0x0000000784100000, 0x0000000784200000)
AC   0  O    TS     3 PTAMS 0x0000000784200000 NTAMS 0x0000000784200000 space 1024K, 100% used [0x0000000784200000, 0x0000000784300000)
AC   0  O    TS     3 PTAMS 0x0000000784300000 NTAMS 0x0000000784300000 space 1024K, 100% used [0x0000000784300000, 0x0000000784400000)
AC   0  O    TS     3 PTAMS 0x0000000784400000 NTAMS 0x0000000784400000 space 1024K, 100% used [0x0000000784400000, 0x0000000784500000)
AC   0  O    TS     3 PTAMS 0x0000000784500000 NTAMS 0x0000000784500000 space 1024K, 100% used [0x0000000784500000, 0x0000000784600000)
AC   0  O    TS     3 PTAMS 0x0000000784600000 NTAMS 0x0000000784600000 space 1024K, 100% used [0x0000000784600000, 0x0000000784700000)
AC   0  O    TS     3 PTAMS 0x0000000784700000 NTAMS 0x0000000784700000 space 1024K, 100% used [0x0000000784700000, 0x0000000784800000)
AC   0  O    TS     3 PTAMS 0x0000000784800000 NTAMS 0x0000000784800000 space 1024K, 100% used [0x0000000784800000, 0x0000000784900000)
AC   0  O    TS     3 PTAMS 0x0000000784900000 NTAMS 0x0000000784900000 space 1024K, 100% used [0x0000000784900000, 0x0000000784a00000)
AC   0  O    TS     3 PTAMS 0x0000000784a00000 NTAMS 0x0000000784a00000 space 1024K, 100% used [0x0000000784a00000, 0x0000000784b00000)
AC   0  O    TS     3 PTAMS 0x0000000784b00000 NTAMS 0x0000000784b00000 space 1024K, 100% used [0x0000000784b00000, 0x0000000784c00000)
AC   0  O    TS     3 PTAMS 0x0000000784c00000 NTAMS 0x0000000784c00000 space 1024K, 100% used [0x0000000784c00000, 0x0000000784d00000)
AC   0  O    TS     3 PTAMS 0x0000000784d00000 NTAMS 0x0000000784d00000 space 1024K, 100% used [0x0000000784d00000, 0x0000000784e00000)
AC   0  O    TS     3 PTAMS 0x0000000784e00000 NTAMS 0x0000000784e00000 space 1024K, 100% used [0x0000000784e00000, 0x0000000784f00000)
AC   0  O    TS     7 PTAMS 0x0000000784f00000 NTAMS 0x0000000784f00000 space 1024K, 100% used [0x0000000784f00000, 0x0000000785000000)
AC   0  O    TS     7 PTAMS 0x0000000785000000 NTAMS 0x0000000785000000 space 1024K, 100% used [0x0000000785000000, 0x0000000785100000)
AC   0  O    TS     7 PTAMS 0x0000000785100000 NTAMS 0x0000000785100000 space 1024K, 100% used [0x0000000785100000, 0x0000000785200000)
AC   0  O    TS     7 PTAMS 0x0000000785200000 NTAMS 0x0000000785200000 space 1024K, 100% used [0x0000000785200000, 0x0000000785300000)
AC   0  O    TS     7 PTAMS 0x0000000785300000 NTAMS 0x0000000785300000 space 1024K, 100% used [0x0000000785300000, 0x0000000785400000)
AC   0  O    TS    19 PTAMS 0x0000000785400000 NTAMS 0x0000000785400000 space 1024K, 100% used [0x0000000785400000, 0x0000000785500000)
AC   0  O    TS    19 PTAMS 0x0000000785500000 NTAMS 0x0000000785500000 space 1024K, 100% used [0x0000000785500000, 0x0000000785600000)
AC   0  O    TS    19 PTAMS 0x0000000785600000 NTAMS 0x0000000785600000 space 1024K, 100% used [0x0000000785600000, 0x0000000785700000)
AC   0  O    TS    19 PTAMS 0x0000000785700000 NTAMS 0x0000000785700000 space 1024K, 100% used [0x0000000785700000, 0x0000000785800000)
AC   0  O    TS    19 PTAMS 0x0000000785800000 NTAMS 0x0000000785800000 space 1024K,  46% used [0x0000000785800000, 0x0000000785900000)
AC   0  F    TS     1 PTAMS 0x0000000785900000 NTAMS 0x0000000785900000 space 1024K,   0% used [0x0000000785900000, 0x0000000785a00000)
AC   0  F    TS     1 PTAMS 0x0000000785a00000 NTAMS 0x0000000785a00000 space 1024K,   0% used [0x0000000785a00000, 0x0000000785b00000)
AC   0  F    TS     1 PTAMS 0x0000000785b00000 NTAMS 0x0000000785b00000 space 1024K,   0% used [0x0000000785b00000, 0x0000000785c00000)
AC   0  F    TS     1 PTAMS 0x0000000785c00000 NTAMS 0x0000000785c00000 space 1024K,   0% used [0x0000000785c00000, 0x0000000785d00000)
AC   0  F    TS     1 PTAMS 0x0000000785d00000 NTAMS 0x0000000785d00000 space 1024K,   0% used [0x0000000785d00000, 0x0000000785e00000)
AC   0  F    TS     1 PTAMS 0x0000000785e00000 NTAMS 0x0000000785e00000 space 1024K,   0% used [0x0000000785e00000, 0x0000000785f00000)
AC   0  F    TS     1 PTAMS 0x0000000785f00000 NTAMS 0x0000000785f00000 space 1024K,   0% used [0x0000000785f00000, 0x0000000786000000)
AC   0  F    TS     1 PTAMS 0x0000000786000000 NTAMS 0x0000000786000000 space 1024K,   0% used [0x0000000786000000, 0x0000000786100000)
AC   0  F    TS     1 PTAMS 0x0000000786100000 NTAMS 0x0000000786100000 space 1024K,   0% used [0x0000000786100000, 0x0000000786200000)
AC   0  F    TS     1 PTAMS 0x0000000786200000 NTAMS 0x0000000786200000 space 1024K,   0% used [0x0000000786200000, 0x0000000786300000)
AC   0  F    TS     1 PTAMS 0x0000000786300000 NTAMS 0x0000000786300000 space 1024K,   0% used [0x0000000786300000, 0x0000000786400000)
AC   0  F    TS     1 PTAMS 0x0000000786400000 NTAMS 0x0000000786400000 space 1024K,   0% used [0x0000000786400000, 0x0000000786500000)
AC   0  F    TS     1 PTAMS 0x0000000786500000 NTAMS 0x0000000786500000 space 1024K,   0% used [0x0000000786500000, 0x0000000786600000)
AC   0  F    TS     1 PTAMS 0x0000000786600000 NTAMS 0x0000000786600000 space 1024K,   0% used [0x0000000786600000, 0x0000000786700000)
AC   0  F    TS     0 PTAMS 0x0000000786700000 NTAMS 0x0000000786700000 space 1024K,   0% used [0x0000000786700000, 0x0000000786800000)
AC   0  F    TS     0 PTAMS 0x0000000786800000 NTAMS 0x0000000786800000 space 1024K,   0% used [0x0000000786800000, 0x0000000786900000)
AC   0  F    TS     7 PTAMS 0x0000000786900000 NTAMS 0x0000000786900000 space 1024K,   0% used [0x0000000786900000, 0x0000000786a00000)
AC   0  F    TS     5 PTAMS 0x0000000786a00000 NTAMS 0x0000000786a00000 space 1024K,   0% used [0x0000000786a00000, 0x0000000786b00000)
AC   0  F    TS     5 PTAMS 0x0000000786b00000 NTAMS 0x0000000786b00000 space 1024K,   0% used [0x0000000786b00000, 0x0000000786c00000)
AC   0  F    TS     5 PTAMS 0x0000000786c00000 NTAMS 0x0000000786c00000 space 1024K,   0% used [0x0000000786c00000, 0x0000000786d00000)
AC   0  F    TS    17 PTAMS 0x0000000786d00000 NTAMS 0x0000000786d00000 space 1024K,   0% used [0x0000000786d00000, 0x0000000786e00000)
AC   0  F    TS    17 PTAMS 0x0000000786e00000 NTAMS 0x0000000786e00000 space 1024K,   0% used [0x0000000786e00000, 0x0000000786f00000)
AC   0  F    TS    15 PTAMS 0x0000000786f00000 NTAMS 0x0000000786f00000 space 1024K,   0% used [0x0000000786f00000, 0x0000000787000000)
AC   0  F    TS    15 PTAMS 0x0000000787000000 NTAMS 0x0000000787000000 space 1024K,   0% used [0x0000000787000000, 0x0000000787100000)
AC   0  F    TS    15 PTAMS 0x0000000787100000 NTAMS 0x0000000787100000 space 1024K,   0% used [0x0000000787100000, 0x0000000787200000)
AC   0  F    TS    15 PTAMS 0x0000000787200000 NTAMS 0x0000000787200000 space 1024K,   0% used [0x0000000787200000, 0x0000000787300000)
AC   0  F    TS    15 PTAMS 0x0000000787300000 NTAMS 0x0000000787300000 space 1024K,   0% used [0x0000000787300000, 0x0000000787400000)
AC   0  F    TS    15 PTAMS 0x0000000787400000 NTAMS 0x0000000787400000 space 1024K,   0% used [0x0000000787400000, 0x0000000787500000)
AC   0  F    TS    15 PTAMS 0x0000000787500000 NTAMS 0x0000000787500000 space 1024K,   0% used [0x0000000787500000, 0x0000000787600000)
AC   0  F    TS    15 PTAMS 0x0000000787600000 NTAMS 0x0000000787600000 space 1024K,   0% used [0x0000000787600000, 0x0000000787700000)
AC   0  S CS TS    19 PTAMS 0x0000000787700000 NTAMS 0x0000000787700000 space 1024K,  99% used [0x0000000787700000, 0x0000000787800000)
AC   0  S CS TS    19 PTAMS 0x0000000787800000 NTAMS 0x0000000787800000 space 1024K, 100% used [0x0000000787800000, 0x0000000787900000)
AC   0  F    TS    17 PTAMS 0x0000000787900000 NTAMS 0x0000000787900000 space 1024K,   0% used [0x0000000787900000, 0x0000000787a00000)
AC   0  F    TS    17 PTAMS 0x0000000787a00000 NTAMS 0x0000000787a00000 space 1024K,   0% used [0x0000000787a00000, 0x0000000787b00000)
AC   0  F    TS    17 PTAMS 0x0000000787b00000 NTAMS 0x0000000787b00000 space 1024K,   0% used [0x0000000787b00000, 0x0000000787c00000)
AC   0  F    TS    17 PTAMS 0x0000000787c00000 NTAMS 0x0000000787c00000 space 1024K,   0% used [0x0000000787c00000, 0x0000000787d00000)
AC   0  F    TS    17 PTAMS 0x0000000787d00000 NTAMS 0x0000000787d00000 space 1024K,   0% used [0x0000000787d00000, 0x0000000787e00000)
AC   0  F    TS    17 PTAMS 0x0000000787e00000 NTAMS 0x0000000787e00000 space 1024K,   0% used [0x0000000787e00000, 0x0000000787f00000)
AC   0  F    TS    17 PTAMS 0x0000000787f00000 NTAMS 0x0000000787f00000 space 1024K,   0% used [0x0000000787f00000, 0x0000000788000000)
AC   0  F    TS    17 PTAMS 0x0000000788000000 NTAMS 0x0000000788000000 space 1024K,   0% used [0x0000000788000000, 0x0000000788100000)
AC   0  F    TS    17 PTAMS 0x0000000788100000 NTAMS 0x0000000788100000 space 1024K,   0% used [0x0000000788100000, 0x0000000788200000)
AC   0  F    TS    17 PTAMS 0x0000000788200000 NTAMS 0x0000000788200000 space 1024K,   0% used [0x0000000788200000, 0x0000000788300000)
AC   0  S CS TS    19 PTAMS 0x0000000788300000 NTAMS 0x0000000788300000 space 1024K, 100% used [0x0000000788300000, 0x0000000788400000)
AC   0  S CS TS    19 PTAMS 0x0000000788400000 NTAMS 0x0000000788400000 space 1024K, 100% used [0x0000000788400000, 0x0000000788500000)
AC   0  S CS TS    19 PTAMS 0x0000000788500000 NTAMS 0x0000000788500000 space 1024K, 100% used [0x0000000788500000, 0x0000000788600000)
AC   0  S CS TS    19 PTAMS 0x0000000788600000 NTAMS 0x0000000788600000 space 1024K, 100% used [0x0000000788600000, 0x0000000788700000)
AC   0  F    TS     9 PTAMS 0x0000000788700000 NTAMS 0x0000000788700000 space 1024K,   0% used [0x0000000788700000, 0x0000000788800000)
AC   0  F    TS     9 PTAMS 0x0000000788800000 NTAMS 0x0000000788800000 space 1024K,   0% used [0x0000000788800000, 0x0000000788900000)
AC   0  F    TS     0 PTAMS 0x0000000788900000 NTAMS 0x0000000788900000 space 1024K,   0% used [0x0000000788900000, 0x0000000788a00000)
AC   0  F    TS     0 PTAMS 0x0000000788a00000 NTAMS 0x0000000788a00000 space 1024K,   0% used [0x0000000788a00000, 0x0000000788b00000)
AC   0  F    TS     0 PTAMS 0x0000000788b00000 NTAMS 0x0000000788b00000 space 1024K,   0% used [0x0000000788b00000, 0x0000000788c00000)
AC   0  F    TS     0 PTAMS 0x0000000788c00000 NTAMS 0x0000000788c00000 space 1024K,   0% used [0x0000000788c00000, 0x0000000788d00000)
AC   0  F    TS     0 PTAMS 0x0000000788d00000 NTAMS 0x0000000788d00000 space 1024K,   0% used [0x0000000788d00000, 0x0000000788e00000)
AC   0  F    TS     0 PTAMS 0x0000000788e00000 NTAMS 0x0000000788e00000 space 1024K,   0% used [0x0000000788e00000, 0x0000000788f00000)
AC   0  F    TS     0 PTAMS 0x0000000788f00000 NTAMS 0x0000000788f00000 space 1024K,   0% used [0x0000000788f00000, 0x0000000789000000)
AC   0  F    TS     0 PTAMS 0x0000000789000000 NTAMS 0x0000000789000000 space 1024K,   0% used [0x0000000789000000, 0x0000000789100000)
AC   0  F    TS     0 PTAMS 0x0000000789100000 NTAMS 0x0000000789100000 space 1024K,   0% used [0x0000000789100000, 0x0000000789200000)
AC   0  F    TS     0 PTAMS 0x0000000789200000 NTAMS 0x0000000789200000 space 1024K,   0% used [0x0000000789200000, 0x0000000789300000)
AC   0  F    TS     0 PTAMS 0x0000000789300000 NTAMS 0x0000000789300000 space 1024K,   0% used [0x0000000789300000, 0x0000000789400000)
AC   0  F    TS     0 PTAMS 0x0000000789400000 NTAMS 0x0000000789400000 space 1024K,   0% used [0x0000000789400000, 0x0000000789500000)
AC   0  F    TS     0 PTAMS 0x0000000789500000 NTAMS 0x0000000789500000 space 1024K,   0% used [0x0000000789500000, 0x0000000789600000)
AC   0  F    TS     0 PTAMS 0x0000000789600000 NTAMS 0x0000000789600000 space 1024K,   0% used [0x0000000789600000, 0x0000000789700000)
AC   0  F    TS     0 PTAMS 0x0000000789700000 NTAMS 0x0000000789700000 space 1024K,   0% used [0x0000000789700000, 0x0000000789800000)
AC   0  F    TS     0 PTAMS 0x0000000789800000 NTAMS 0x0000000789800000 space 1024K,   0% used [0x0000000789800000, 0x0000000789900000)
AC   0  F    TS     0 PTAMS 0x0000000789900000 NTAMS 0x0000000789900000 space 1024K,   0% used [0x0000000789900000, 0x0000000789a00000)
AC   0  F    TS     0 PTAMS 0x0000000789a00000 NTAMS 0x0000000789a00000 space 1024K,   0% used [0x0000000789a00000, 0x0000000789b00000)
AC   0  F    TS     0 PTAMS 0x0000000789b00000 NTAMS 0x0000000789b00000 space 1024K,   0% used [0x0000000789b00000, 0x0000000789c00000)
AC   0  F    TS     0 PTAMS 0x0000000789c00000 NTAMS 0x0000000789c00000 space 1024K,   0% used [0x0000000789c00000, 0x0000000789d00000)
AC   0  F    TS     0 PTAMS 0x0000000789d00000 NTAMS 0x0000000789d00000 space 1024K,   0% used [0x0000000789d00000, 0x0000000789e00000)
AC   0  F    TS     0 PTAMS 0x0000000789e00000 NTAMS 0x0000000789e00000 space 1024K,   0% used [0x0000000789e00000, 0x0000000789f00000)
AC   0  F    TS     0 PTAMS 0x0000000789f00000 NTAMS 0x0000000789f00000 space 1024K,   0% used [0x0000000789f00000, 0x000000078a000000)
AC   0  F    TS     0 PTAMS 0x000000078a000000 NTAMS 0x000000078a000000 space 1024K,   0% used [0x000000078a000000, 0x000000078a100000)
AC   0  F    TS     0 PTAMS 0x000000078a100000 NTAMS 0x000000078a100000 space 1024K,   0% used [0x000000078a100000, 0x000000078a200000)
AC   0  F    TS     0 PTAMS 0x000000078a200000 NTAMS 0x000000078a200000 space 1024K,   0% used [0x000000078a200000, 0x000000078a300000)
AC   0  F    TS     0 PTAMS 0x000000078a300000 NTAMS 0x000000078a300000 space 1024K,   0% used [0x000000078a300000, 0x000000078a400000)
AC   0  F    TS     0 PTAMS 0x000000078a400000 NTAMS 0x000000078a400000 space 1024K,   0% used [0x000000078a400000, 0x000000078a500000)
AC   0  F    TS     0 PTAMS 0x000000078a500000 NTAMS 0x000000078a500000 space 1024K,   0% used [0x000000078a500000, 0x000000078a600000)
AC   0  F    TS     0 PTAMS 0x000000078a600000 NTAMS 0x000000078a600000 space 1024K,   0% used [0x000000078a600000, 0x000000078a700000)
AC   0  F    TS     0 PTAMS 0x000000078a700000 NTAMS 0x000000078a700000 space 1024K,   0% used [0x000000078a700000, 0x000000078a800000)
AC   0  F    TS     0 PTAMS 0x000000078a800000 NTAMS 0x000000078a800000 space 1024K,   0% used [0x000000078a800000, 0x000000078a900000)
AC   0  F    TS     0 PTAMS 0x000000078a900000 NTAMS 0x000000078a900000 space 1024K,   0% used [0x000000078a900000, 0x000000078aa00000)
AC   0  F    TS     0 PTAMS 0x000000078aa00000 NTAMS 0x000000078aa00000 space 1024K,   0% used [0x000000078aa00000, 0x000000078ab00000)
AC   0  F    TS     0 PTAMS 0x000000078ab00000 NTAMS 0x000000078ab00000 space 1024K,   0% used [0x000000078ab00000, 0x000000078ac00000)
AC   0  F    TS     0 PTAMS 0x000000078ac00000 NTAMS 0x000000078ac00000 space 1024K,   0% used [0x000000078ac00000, 0x000000078ad00000)
AC   0  F    TS     0 PTAMS 0x000000078ad00000 NTAMS 0x000000078ad00000 space 1024K,   0% used [0x000000078ad00000, 0x000000078ae00000)
AC   0  F    TS     0 PTAMS 0x000000078ae00000 NTAMS 0x000000078ae00000 space 1024K,   0% used [0x000000078ae00000, 0x000000078af00000)
AC   0  F    TS     0 PTAMS 0x000000078af00000 NTAMS 0x000000078af00000 space 1024K,   0% used [0x000000078af00000, 0x000000078b000000)
AC   0  F    TS     0 PTAMS 0x000000078b000000 NTAMS 0x000000078b000000 space 1024K,   0% used [0x000000078b000000, 0x000000078b100000)
AC   0  F    TS     0 PTAMS 0x000000078b100000 NTAMS 0x000000078b100000 space 1024K,   0% used [0x000000078b100000, 0x000000078b200000)
AC   0  F    TS     0 PTAMS 0x000000078b200000 NTAMS 0x000000078b200000 space 1024K,   0% used [0x000000078b200000, 0x000000078b300000)
AC   0  F    TS     0 PTAMS 0x000000078b300000 NTAMS 0x000000078b300000 space 1024K,   0% used [0x000000078b300000, 0x000000078b400000)
AC   0  F    TS     0 PTAMS 0x000000078b400000 NTAMS 0x000000078b400000 space 1024K,   0% used [0x000000078b400000, 0x000000078b500000)
AC   0  F    TS     0 PTAMS 0x000000078b500000 NTAMS 0x000000078b500000 space 1024K,   0% used [0x000000078b500000, 0x000000078b600000)
AC   0  F    TS     0 PTAMS 0x000000078b600000 NTAMS 0x000000078b600000 space 1024K,   0% used [0x000000078b600000, 0x000000078b700000)
AC   0  F    TS     0 PTAMS 0x000000078b700000 NTAMS 0x000000078b700000 space 1024K,   0% used [0x000000078b700000, 0x000000078b800000)
AC   0  F    TS     0 PTAMS 0x000000078b800000 NTAMS 0x000000078b800000 space 1024K,   0% used [0x000000078b800000, 0x000000078b900000)
AC   0  F    TS     0 PTAMS 0x000000078b900000 NTAMS 0x000000078b900000 space 1024K,   0% used [0x000000078b900000, 0x000000078ba00000)
AC   0  F    TS     0 PTAMS 0x000000078ba00000 NTAMS 0x000000078ba00000 space 1024K,   0% used [0x000000078ba00000, 0x000000078bb00000)
AC   0  F    TS     0 PTAMS 0x000000078bb00000 NTAMS 0x000000078bb00000 space 1024K,   0% used [0x000000078bb00000, 0x000000078bc00000)
AC   0  F    TS     0 PTAMS 0x000000078bc00000 NTAMS 0x000000078bc00000 space 1024K,   0% used [0x000000078bc00000, 0x000000078bd00000)
AC   0  F    TS     0 PTAMS 0x000000078bd00000 NTAMS 0x000000078bd00000 space 1024K,   0% used [0x000000078bd00000, 0x000000078be00000)
AC   0  F    TS     0 PTAMS 0x000000078be00000 NTAMS 0x000000078be00000 space 1024K,   0% used [0x000000078be00000, 0x000000078bf00000)
AC   0  F    TS     0 PTAMS 0x000000078bf00000 NTAMS 0x000000078bf00000 space 1024K,   0% used [0x000000078bf00000, 0x000000078c000000)
AC   0  F    TS     0 PTAMS 0x000000078c000000 NTAMS 0x000000078c000000 space 1024K,   0% used [0x000000078c000000, 0x000000078c100000)
AC   0  F    TS     0 PTAMS 0x000000078c100000 NTAMS 0x000000078c100000 space 1024K,   0% used [0x000000078c100000, 0x000000078c200000)
AC   0  F    TS     0 PTAMS 0x000000078c200000 NTAMS 0x000000078c200000 space 1024K,   0% used [0x000000078c200000, 0x000000078c300000)
AC   0  F    TS     0 PTAMS 0x000000078c300000 NTAMS 0x000000078c300000 space 1024K,   0% used [0x000000078c300000, 0x000000078c400000)
AC   0  F    TS     0 PTAMS 0x000000078c400000 NTAMS 0x000000078c400000 space 1024K,   0% used [0x000000078c400000, 0x000000078c500000)
AC   0  F    TS     0 PTAMS 0x000000078c500000 NTAMS 0x000000078c500000 space 1024K,   0% used [0x000000078c500000, 0x000000078c600000)
AC   0  F    TS     0 PTAMS 0x000000078c600000 NTAMS 0x000000078c600000 space 1024K,   0% used [0x000000078c600000, 0x000000078c700000)
AC   0  F    TS     0 PTAMS 0x000000078c700000 NTAMS 0x000000078c700000 space 1024K,   0% used [0x000000078c700000, 0x000000078c800000)
AC   0  F    TS     0 PTAMS 0x000000078c800000 NTAMS 0x000000078c800000 space 1024K,   0% used [0x000000078c800000, 0x000000078c900000)
AC   0  F    TS     0 PTAMS 0x000000078c900000 NTAMS 0x000000078c900000 space 1024K,   0% used [0x000000078c900000, 0x000000078ca00000)
AC   0  F    TS     0 PTAMS 0x000000078ca00000 NTAMS 0x000000078ca00000 space 1024K,   0% used [0x000000078ca00000, 0x000000078cb00000)
AC   0  F    TS     0 PTAMS 0x000000078cb00000 NTAMS 0x000000078cb00000 space 1024K,   0% used [0x000000078cb00000, 0x000000078cc00000)
AC   0  F    TS     0 PTAMS 0x000000078cc00000 NTAMS 0x000000078cc00000 space 1024K,   0% used [0x000000078cc00000, 0x000000078cd00000)
AC   0  F    TS     0 PTAMS 0x000000078cd00000 NTAMS 0x000000078cd00000 space 1024K,   0% used [0x000000078cd00000, 0x000000078ce00000)
AC   0  F    TS     0 PTAMS 0x000000078ce00000 NTAMS 0x000000078ce00000 space 1024K,   0% used [0x000000078ce00000, 0x000000078cf00000)
AC   0  F    TS     0 PTAMS 0x000000078cf00000 NTAMS 0x000000078cf00000 space 1024K,   0% used [0x000000078cf00000, 0x000000078d000000)
AC   0  F    TS     0 PTAMS 0x000000078d000000 NTAMS 0x000000078d000000 space 1024K,   0% used [0x000000078d000000, 0x000000078d100000)
AC   0  F    TS     0 PTAMS 0x000000078d100000 NTAMS 0x000000078d100000 space 1024K,   0% used [0x000000078d100000, 0x000000078d200000)
AC   0  F    TS     0 PTAMS 0x000000078d200000 NTAMS 0x000000078d200000 space 1024K,   0% used [0x000000078d200000, 0x000000078d300000)
AC   0  F    TS     0 PTAMS 0x000000078d300000 NTAMS 0x000000078d300000 space 1024K,   0% used [0x000000078d300000, 0x000000078d400000)
AC   0  F    TS     0 PTAMS 0x000000078d400000 NTAMS 0x000000078d400000 space 1024K,   0% used [0x000000078d400000, 0x000000078d500000)
AC   0  F    TS     0 PTAMS 0x000000078d500000 NTAMS 0x000000078d500000 space 1024K,   0% used [0x000000078d500000, 0x000000078d600000)
AC   0  F    TS     0 PTAMS 0x000000078d600000 NTAMS 0x000000078d600000 space 1024K,   0% used [0x000000078d600000, 0x000000078d700000)
AC   0  F    TS     0 PTAMS 0x000000078d700000 NTAMS 0x000000078d700000 space 1024K,   0% used [0x000000078d700000, 0x000000078d800000)
AC   0  F    TS     0 PTAMS 0x000000078d800000 NTAMS 0x000000078d800000 space 1024K,   0% used [0x000000078d800000, 0x000000078d900000)
AC   0  F    TS     0 PTAMS 0x000000078d900000 NTAMS 0x000000078d900000 space 1024K,   0% used [0x000000078d900000, 0x000000078da00000)
AC   0  F    TS     0 PTAMS 0x000000078da00000 NTAMS 0x000000078da00000 space 1024K,   0% used [0x000000078da00000, 0x000000078db00000)
AC   0  F    TS     0 PTAMS 0x000000078db00000 NTAMS 0x000000078db00000 space 1024K,   0% used [0x000000078db00000, 0x000000078dc00000)
AC   0  F    TS     0 PTAMS 0x000000078dc00000 NTAMS 0x000000078dc00000 space 1024K,   0% used [0x000000078dc00000, 0x000000078dd00000)
AC   0  F    TS     0 PTAMS 0x000000078dd00000 NTAMS 0x000000078dd00000 space 1024K,   0% used [0x000000078dd00000, 0x000000078de00000)
AC   0  F    TS     0 PTAMS 0x000000078de00000 NTAMS 0x000000078de00000 space 1024K,   0% used [0x000000078de00000, 0x000000078df00000)
AC   0  F    TS     0 PTAMS 0x000000078df00000 NTAMS 0x000000078df00000 space 1024K,   0% used [0x000000078df00000, 0x000000078e000000)
AC   0  F    TS     0 PTAMS 0x000000078e000000 NTAMS 0x000000078e000000 space 1024K,   0% used [0x000000078e000000, 0x000000078e100000)
AC   0  F    TS     0 PTAMS 0x000000078e100000 NTAMS 0x000000078e100000 space 1024K,   0% used [0x000000078e100000, 0x000000078e200000)
AC   0  E    TS     0 PTAMS 0x000000078e200000 NTAMS 0x000000078e200000 space 1024K,  66% used [0x000000078e200000, 0x000000078e300000)
AC   0  E CS TS     0 PTAMS 0x000000078e300000 NTAMS 0x000000078e300000 space 1024K, 100% used [0x000000078e300000, 0x000000078e400000)
AC   0  E CS TS     0 PTAMS 0x000000078e400000 NTAMS 0x000000078e400000 space 1024K, 100% used [0x000000078e400000, 0x000000078e500000)
AC   0  E CS TS     0 PTAMS 0x000000078e500000 NTAMS 0x000000078e500000 space 1024K, 100% used [0x000000078e500000, 0x000000078e600000)
AC   0  E CS TS     0 PTAMS 0x000000078e600000 NTAMS 0x000000078e600000 space 1024K, 100% used [0x000000078e600000, 0x000000078e700000)
AC   0  E CS TS     0 PTAMS 0x000000078e700000 NTAMS 0x000000078e700000 space 1024K, 100% used [0x000000078e700000, 0x000000078e800000)
AC   0  E CS TS     0 PTAMS 0x000000078e800000 NTAMS 0x000000078e800000 space 1024K, 100% used [0x000000078e800000, 0x000000078e900000)
AC   0  E CS TS     0 PTAMS 0x000000078e900000 NTAMS 0x000000078e900000 space 1024K, 100% used [0x000000078e900000, 0x000000078ea00000)
AC   0  E CS TS     0 PTAMS 0x000000078ea00000 NTAMS 0x000000078ea00000 space 1024K, 100% used [0x000000078ea00000, 0x000000078eb00000)
AC   0  E CS TS     0 PTAMS 0x000000078eb00000 NTAMS 0x000000078eb00000 space 1024K, 100% used [0x000000078eb00000, 0x000000078ec00000)
AC   0  E CS TS     0 PTAMS 0x000000078ec00000 NTAMS 0x000000078ec00000 space 1024K, 100% used [0x000000078ec00000, 0x000000078ed00000)
AC   0  E CS TS     0 PTAMS 0x000000078ed00000 NTAMS 0x000000078ed00000 space 1024K, 100% used [0x000000078ed00000, 0x000000078ee00000)
AC   0  E CS TS     0 PTAMS 0x000000078ee00000 NTAMS 0x000000078ee00000 space 1024K, 100% used [0x000000078ee00000, 0x000000078ef00000)
AC   0  E CS TS     0 PTAMS 0x000000078ef00000 NTAMS 0x000000078ef00000 space 1024K, 100% used [0x000000078ef00000, 0x000000078f000000)
AC   0  E CS TS     0 PTAMS 0x000000078f000000 NTAMS 0x000000078f000000 space 1024K, 100% used [0x000000078f000000, 0x000000078f100000)
AC   0  E CS TS     0 PTAMS 0x000000078f100000 NTAMS 0x000000078f100000 space 1024K, 100% used [0x000000078f100000, 0x000000078f200000)
AC   0  E CS TS     0 PTAMS 0x000000078f200000 NTAMS 0x000000078f200000 space 1024K, 100% used [0x000000078f200000, 0x000000078f300000)
AC   0  E CS TS     0 PTAMS 0x000000078f300000 NTAMS 0x000000078f300000 space 1024K, 100% used [0x000000078f300000, 0x000000078f400000)
AC   0  E CS TS     0 PTAMS 0x000000078f400000 NTAMS 0x000000078f400000 space 1024K, 100% used [0x000000078f400000, 0x000000078f500000)
AC   0  E CS TS     0 PTAMS 0x000000078f500000 NTAMS 0x000000078f500000 space 1024K, 100% used [0x000000078f500000, 0x000000078f600000)
AC   0  E CS TS     0 PTAMS 0x000000078f600000 NTAMS 0x000000078f600000 space 1024K, 100% used [0x000000078f600000, 0x000000078f700000)
AC   0  E CS TS     0 PTAMS 0x000000078f700000 NTAMS 0x000000078f700000 space 1024K, 100% used [0x000000078f700000, 0x000000078f800000)
AC   0  E CS TS     0 PTAMS 0x000000078f800000 NTAMS 0x000000078f800000 space 1024K, 100% used [0x000000078f800000, 0x000000078f900000)
AC   0  E CS TS     0 PTAMS 0x000000078f900000 NTAMS 0x000000078f900000 space 1024K, 100% used [0x000000078f900000, 0x000000078fa00000)
AC   0  E CS TS     0 PTAMS 0x000000078fa00000 NTAMS 0x000000078fa00000 space 1024K, 100% used [0x000000078fa00000, 0x000000078fb00000)
AC   0  E CS TS     0 PTAMS 0x000000078fb00000 NTAMS 0x000000078fb00000 space 1024K, 100% used [0x000000078fb00000, 0x000000078fc00000)
AC   0  E CS TS     0 PTAMS 0x000000078fc00000 NTAMS 0x000000078fc00000 space 1024K, 100% used [0x000000078fc00000, 0x000000078fd00000)
AC   0  E CS TS     0 PTAMS 0x000000078fd00000 NTAMS 0x000000078fd00000 space 1024K, 100% used [0x000000078fd00000, 0x000000078fe00000)
AC   0  E CS TS     0 PTAMS 0x000000078fe00000 NTAMS 0x000000078fe00000 space 1024K, 100% used [0x000000078fe00000, 0x000000078ff00000)
AC   0  E CS TS     0 PTAMS 0x000000078ff00000 NTAMS 0x000000078ff00000 space 1024K, 100% used [0x000000078ff00000, 0x0000000790000000)

Card table byte_map: [0x00000001065b4000,0x00000001067b4000] byte_map_base: 0x00000001029b4000

Marking Bits (Prev, Next): (CMBitMap*) 0x000000010105d488, (CMBitMap*) 0x000000010105d4e0
 Prev Bits: [0x00000001069b4000, 0x00000001079b4000)
 Next Bits: [0x00000001079b4000, 0x00000001089b4000)

Polling page: 0x0000000100656000

CodeCache: size=245760Kb used=51183Kb max_used=51183Kb free=194576Kb
 bounds [0x0000000109224000, 0x000000010c474000, 0x0000000118224000]
 total_blobs=14359 nmethods=13579 adapters=687
 compilation: enabled

Compilation events (10 events):
Event: 249.394 Thread 0x000000010111d800 18100       1       org.eclipse.swt.widgets.Link::topView (5 bytes)
Event: 249.394 Thread 0x000000010111d800 nmethod 18100 0x000000010ab4a250 code [0x000000010ab4a3a0, 0x000000010ab4a4b0]
Event: 249.436 Thread 0x000000010111d800 18101       3       org.eclipse.core.internal.resources.Container::members (55 bytes)
Event: 249.437 Thread 0x000000010111d800 nmethod 18101 0x000000010ada4fd0 code [0x000000010ada51e0, 0x000000010ada5e88]
Event: 249.453 Thread 0x000000010111d800 18102       3       java.util.TreeMap::rotateLeft (96 bytes)
Event: 249.454 Thread 0x000000010111d800 nmethod 18102 0x000000010c464ed0 code [0x000000010c465060, 0x000000010c465630]
Event: 249.454 Thread 0x000000010111d800 18103       1       org.eclipse.jface.viewers.StructuredViewer::getComparator (5 bytes)
Event: 249.454 Thread 0x000000010111d800 nmethod 18103 0x000000010c06cf50 code [0x000000010c06d0a0, 0x000000010c06d1b0]
Event: 249.458 Thread 0x000000010111d800 18104       3       java.util.Calendar::isFieldSet (14 bytes)
Event: 249.458 Thread 0x000000010111d800 nmethod 18104 0x000000010b14d350 code [0x000000010b14d4c0, 0x000000010b14d650]

GC Heap History (10 events):
Event: 158.196 GC heap before
{Heap before GC invocations=17 (full 0):
 garbage-first heap   total 262144K, used 223283K [0x0000000780000000, 0x0000000780100800, 0x00000007c0000000)
  region size 1024K, 134 young (137216K), 11 survivors (11264K)
 Metaspace       used 102717K, capacity 112442K, committed 112552K, reserved 1146880K
  class space    used 12825K, capacity 15797K, committed 15836K, reserved 1048576K
Event: 158.219 GC heap after
Heap after GC invocations=18 (full 0):
 garbage-first heap   total 262144K, used 96819K [0x0000000780000000, 0x0000000780100800, 0x00000007c0000000)
  region size 1024K, 11 young (11264K), 11 survivors (11264K)
 Metaspace       used 102717K, capacity 112442K, committed 112552K, reserved 1146880K
  class space    used 12825K, capacity 15797K, committed 15836K, reserved 1048576K
}
Event: 185.904 GC heap before
{Heap before GC invocations=18 (full 0):
 garbage-first heap   total 262144K, used 222771K [0x0000000780000000, 0x0000000780100800, 0x00000007c0000000)
  region size 1024K, 134 young (137216K), 11 survivors (11264K)
 Metaspace       used 103188K, capacity 112846K, committed 113064K, reserved 1146880K
  class space    used 12833K, capacity 15801K, committed 15836K, reserved 1048576K
Event: 185.925 GC heap after
Heap after GC invocations=19 (full 0):
 garbage-first heap   total 262144K, used 95795K [0x0000000780000000, 0x0000000780100800, 0x00000007c0000000)
  region size 1024K, 10 young (10240K), 10 survivors (10240K)
 Metaspace       used 103188K, capacity 112846K, committed 113064K, reserved 1146880K
  class space    used 12833K, capacity 15801K, committed 15836K, reserved 1048576K
}
Event: 204.855 GC heap before
{Heap before GC invocations=19 (full 0):
 garbage-first heap   total 262144K, used 223795K [0x0000000780000000, 0x0000000780100800, 0x00000007c0000000)
  region size 1024K, 135 young (138240K), 10 survivors (10240K)
 Metaspace       used 104254K, capacity 114338K, committed 114600K, reserved 1148928K
  class space    used 12977K, capacity 16035K, committed 16092K, reserved 1048576K
Event: 204.882 GC heap after
Heap after GC invocations=20 (full 0):
 garbage-first heap   total 262144K, used 95795K [0x0000000780000000, 0x0000000780100800, 0x00000007c0000000)
  region size 1024K, 10 young (10240K), 10 survivors (10240K)
 Metaspace       used 104254K, capacity 114338K, committed 114600K, reserved 1148928K
  class space    used 12977K, capacity 16035K, committed 16092K, reserved 1048576K
}
Event: 219.532 GC heap before
{Heap before GC invocations=20 (full 0):
 garbage-first heap   total 262144K, used 223795K [0x0000000780000000, 0x0000000780100800, 0x00000007c0000000)
  region size 1024K, 135 young (138240K), 10 survivors (10240K)
 Metaspace       used 104549K, capacity 114620K, committed 114856K, reserved 1148928K
  class space    used 12998K, capacity 16040K, committed 16092K, reserved 1048576K
Event: 219.560 GC heap after
Heap after GC invocations=21 (full 0):
 garbage-first heap   total 262144K, used 98355K [0x0000000780000000, 0x0000000780100800, 0x00000007c0000000)
  region size 1024K, 12 young (12288K), 12 survivors (12288K)
 Metaspace       used 104549K, capacity 114620K, committed 114856K, reserved 1148928K
  class space    used 12998K, capacity 16040K, committed 16092K, reserved 1048576K
}
Event: 248.169 GC heap before
{Heap before GC invocations=21 (full 0):
 garbage-first heap   total 262144K, used 222259K [0x0000000780000000, 0x0000000780100800, 0x00000007c0000000)
  region size 1024K, 133 young (136192K), 12 survivors (12288K)
 Metaspace       used 104781K, capacity 114884K, committed 115112K, reserved 1148928K
  class space    used 13019K, capacity 16042K, committed 16092K, reserved 1048576K
Event: 248.193 GC heap after
Heap after GC invocations=22 (full 0):
 garbage-first heap   total 262144K, used 96266K [0x0000000780000000, 0x0000000780100800, 0x00000007c0000000)
  region size 1024K, 6 young (6144K), 6 survivors (6144K)
 Metaspace       used 104781K, capacity 114884K, committed 115112K, reserved 1148928K
  class space    used 13019K, capacity 16042K, committed 16092K, reserved 1048576K
}

Deoptimization events (10 events):
Event: 221.003 Thread 0x000000012543e000 Uncommon trap: reason=bimorphic action=maybe_recompile pc=0x000000010a304b94 method=java.util.regex.Matcher.search(I)Z @ 86
Event: 221.004 Thread 0x000000012543e000 Uncommon trap: reason=bimorphic action=maybe_recompile pc=0x000000010a304b94 method=java.util.regex.Matcher.search(I)Z @ 86
Event: 221.004 Thread 0x000000012543e000 Uncommon trap: reason=bimorphic action=maybe_recompile pc=0x000000010a304b94 method=java.util.regex.Matcher.search(I)Z @ 86
Event: 221.191 Thread 0x0000000123088800 Uncommon trap: reason=unstable_if action=reinterpret pc=0x000000010bc34170 method=org.eclipse.cdt.internal.core.dom.parser.cpp.GNUCPPSourceParser.optionalInitializer(Lorg/eclipse/cdt/core/dom/ast/IASTDeclarator;Lorg/eclipse/cdt/internal/core/dom/parser/De
Event: 221.249 Thread 0x0000000123088800 Uncommon trap: reason=unstable_if action=reinterpret pc=0x000000010b874ed0 method=org.eclipse.cdt.internal.core.index.IndexFileSet.containsDeclaration(Lorg/eclipse/cdt/core/index/IIndexBinding;)Z @ 127
Event: 246.564 Thread 0x0000000123133000 Uncommon trap: reason=array_check action=maybe_recompile pc=0x000000010b12a990 method=java.util.TimSort.mergeLo(IIII)V @ 81
Event: 247.462 Thread 0x00000001011fd800 Uncommon trap: reason=null_check action=make_not_entrant pc=0x000000010c3c9184 method=java.util.HashMap.getNode(ILjava/lang/Object;)Ljava/util/HashMap$Node; @ 59
Event: 248.037 Thread 0x000000010400f000 Uncommon trap: reason=unstable_if action=reinterpret pc=0x000000010acf4cdc method=org.eclipse.swt.widgets.Composite.layout([Lorg/eclipse/swt/widgets/Control;I)V @ 264
Event: 248.527 Thread 0x000000010400f000 Uncommon trap: reason=unstable_if action=reinterpret pc=0x000000010b7c0460 method=org.eclipse.swt.widgets.Display.windowProc(JJJ)J @ 730
Event: 249.034 Thread 0x0000000129a73000 Uncommon trap: reason=unstable_if action=reinterpret pc=0x000000010c2fbde0 method=sun.nio.cs.UTF_8$Decoder.decodeArrayLoop(Ljava/nio/ByteBuffer;Ljava/nio/CharBuffer;)Ljava/nio/charset/CoderResult; @ 359

Internal exceptions (10 events):
Event: 248.902 Thread 0x0000000129a73000 Exception <a 'java/lang/ArrayIndexOutOfBoundsException': 3> (0x000000078f2cae08) thrown at [/Users/java_re/workspace/8-2-build-macosx-x86_64/jdk8u102/7268/hotspot/src/share/vm/interpreter/interpreterRuntime.cpp, line 366]
Event: 249.047 Thread 0x0000000129a73000 Exception <a 'java/lang/ArrayIndexOutOfBoundsException'> (0x000000078e68ec58) thrown at [/Users/java_re/workspace/8-2-build-macosx-x86_64/jdk8u102/7268/hotspot/src/share/vm/runtime/sharedRuntime.cpp, line 605]
Event: 249.047 Thread 0x0000000129a73000 Exception <a 'java/lang/ArrayIndexOutOfBoundsException'> (0x000000078e68f350) thrown at [/Users/java_re/workspace/8-2-build-macosx-x86_64/jdk8u102/7268/hotspot/src/share/vm/runtime/sharedRuntime.cpp, line 605]
Event: 249.047 Thread 0x0000000129a73000 Exception <a 'java/lang/ArrayIndexOutOfBoundsException'> (0x000000078e6a0590) thrown at [/Users/java_re/workspace/8-2-build-macosx-x86_64/jdk8u102/7268/hotspot/src/share/vm/runtime/sharedRuntime.cpp, line 605]
Event: 249.047 Thread 0x0000000129a73000 Exception <a 'java/lang/ArrayIndexOutOfBoundsException'> (0x000000078e6a0c88) thrown at [/Users/java_re/workspace/8-2-build-macosx-x86_64/jdk8u102/7268/hotspot/src/share/vm/runtime/sharedRuntime.cpp, line 605]
Event: 249.047 Thread 0x0000000129a73000 Exception <a 'java/lang/ArrayIndexOutOfBoundsException'> (0x000000078e6b0838) thrown at [/Users/java_re/workspace/8-2-build-macosx-x86_64/jdk8u102/7268/hotspot/src/share/vm/runtime/sharedRuntime.cpp, line 605]
Event: 249.047 Thread 0x0000000129a73000 Exception <a 'java/lang/ArrayIndexOutOfBoundsException'> (0x000000078e6b0ef8) thrown at [/Users/java_re/workspace/8-2-build-macosx-x86_64/jdk8u102/7268/hotspot/src/share/vm/runtime/sharedRuntime.cpp, line 605]
Event: 249.049 Thread 0x0000000129a73000 Exception <a 'java/lang/ArrayIndexOutOfBoundsException'> (0x000000078e6e80b8) thrown at [/Users/java_re/workspace/8-2-build-macosx-x86_64/jdk8u102/7268/hotspot/src/share/vm/runtime/sharedRuntime.cpp, line 605]
Event: 249.460 Thread 0x00000001009f9800 Exception <a 'sun/nio/fs/UnixException'> (0x000000078e296980) thrown at [/Users/java_re/workspace/8-2-build-macosx-x86_64/jdk8u102/7268/hotspot/src/share/vm/prims/jni.cpp, line 709]
Event: 249.460 Thread 0x00000001009f9800 Exception <a 'java/io/FileNotFoundException'> (0x000000078e2972e8) thrown at [/Users/java_re/workspace/8-2-build-macosx-x86_64/jdk8u102/7268/hotspot/src/share/vm/prims/jni.cpp, line 709]

Events (10 events):
Event: 249.034 Thread 0x0000000129a73000 Uncommon trap: trap_request=0xffffff65 fr.pc=0x000000010c2fbde0
Event: 249.034 Thread 0x0000000129a73000 DEOPT PACKING pc=0x000000010c2fbde0 sp=0x0000700004948e90
Event: 249.034 Thread 0x0000000129a73000 DEOPT UNPACKING pc=0x0000000109229229 sp=0x0000700004948e18 mode 2
Event: 249.061 Thread 0x0000000129a73000 DEOPT PACKING pc=0x000000010c0996d4 sp=0x0000700004949260
Event: 249.061 Thread 0x0000000129a73000 DEOPT UNPACKING pc=0x000000010926b633 sp=0x0000700004948fc0 mode 0
Event: 249.163 Executing VM operation: RevokeBias
Event: 249.163 Executing VM operation: RevokeBias done
Event: 249.170 Executing VM operation: RevokeBias
Event: 249.170 Executing VM operation: RevokeBias done
Event: 249.461 Thread 0x0000000125584800 Thread added: 0x0000000125584800


Dynamic libraries:
0x0000000028ade000 	/System/Library/Frameworks/Cocoa.framework/Versions/A/Cocoa
0x0000000028ade000 	/usr/lib/libSystem.B.dylib
0x0000000028ade000 	/System/Library/Frameworks/CoreServices.framework/Versions/A/CoreServices
0x0000000028ade000 	/usr/lib/libobjc.A.dylib
0x0000000028ade000 	/System/Library/Frameworks/CoreFoundation.framework/Versions/A/CoreFoundation
0x0000000028ade000 	/System/Library/Frameworks/AppKit.framework/Versions/C/AppKit
0x0000000028ade000 	/System/Library/Frameworks/ApplicationServices.framework/Versions/A/ApplicationServices
0x0000000028ade000 	/System/Library/Frameworks/Foundation.framework/Versions/C/Foundation
0x0000000028ade000 	/System/Library/Frameworks/CoreData.framework/Versions/A/CoreData
0x0000000028ade000 	/System/Library/PrivateFrameworks/RemoteViewServices.framework/Versions/A/RemoteViewServices
0x0000000028ade000 	/System/Library/PrivateFrameworks/UIFoundation.framework/Versions/A/UIFoundation
0x0000000028ade000 	/System/Library/PrivateFrameworks/DFRFoundation.framework/Versions/A/DFRFoundation
0x0000000028ade000 	/usr/lib/libenergytrace.dylib
0x0000000028ade000 	/System/Library/PrivateFrameworks/SkyLight.framework/Versions/A/SkyLight
0x0000000028ade000 	/System/Library/Frameworks/CoreGraphics.framework/Versions/A/CoreGraphics
0x0000000028ade000 	/usr/lib/libScreenReader.dylib
0x0000000028ade000 	/System/Library/Frameworks/Accelerate.framework/Versions/A/Accelerate
0x0000000028ade000 	/System/Library/Frameworks/IOSurface.framework/Versions/A/IOSurface
0x0000000028ade000 	/System/Library/Frameworks/AudioToolbox.framework/Versions/A/AudioToolbox
0x0000000028ade000 	/System/Library/Frameworks/AudioUnit.framework/Versions/A/AudioUnit
0x0000000028ade000 	/System/Library/PrivateFrameworks/DataDetectorsCore.framework/Versions/A/DataDetectorsCore
0x0000000028ade000 	/System/Library/PrivateFrameworks/DesktopServicesPriv.framework/Versions/A/DesktopServicesPriv
0x0000000028ade000 	/System/Library/Frameworks/Carbon.framework/Versions/A/Frameworks/HIToolbox.framework/Versions/A/HIToolbox
0x0000000028ade000 	/usr/lib/libicucore.A.dylib
0x0000000028ade000 	/usr/lib/libz.1.dylib
0x0000000028ade000 	/System/Library/Frameworks/QuartzCore.framework/Versions/A/QuartzCore
0x0000000028ade000 	/System/Library/Frameworks/Security.framework/Versions/A/Security
0x0000000028ade000 	/System/Library/Frameworks/Carbon.framework/Versions/A/Frameworks/SpeechRecognition.framework/Versions/A/SpeechRecognition
0x0000000028ade000 	/usr/lib/libauto.dylib
0x0000000028ade000 	/usr/lib/libxml2.2.dylib
0x0000000028ade000 	/System/Library/PrivateFrameworks/CoreUI.framework/Versions/A/CoreUI
0x0000000028ade000 	/System/Library/Frameworks/CoreAudio.framework/Versions/A/CoreAudio
0x0000000028ade000 	/System/Library/Frameworks/DiskArbitration.framework/Versions/A/DiskArbitration
0x0000000028ade000 	/usr/lib/liblangid.dylib
0x0000000028ade000 	/System/Library/PrivateFrameworks/MultitouchSupport.framework/Versions/A/MultitouchSupport
0x0000000028ade000 	/System/Library/Frameworks/IOKit.framework/Versions/A/IOKit
0x0000000028ade000 	/usr/lib/libDiagnosticMessagesClient.dylib
0x0000000028ade000 	/System/Library/PrivateFrameworks/PerformanceAnalysis.framework/Versions/A/PerformanceAnalysis
0x0000000028ade000 	/System/Library/PrivateFrameworks/GenerationalStorage.framework/Versions/A/GenerationalStorage
0x0000000028ade000 	/System/Library/Frameworks/OpenGL.framework/Versions/A/OpenGL
0x0000000028ade000 	/System/Library/Frameworks/CoreImage.framework/Versions/A/CoreImage
0x0000000028ade000 	/System/Library/Frameworks/CoreText.framework/Versions/A/CoreText
0x0000000028ade000 	/System/Library/Frameworks/ImageIO.framework/Versions/A/ImageIO
0x0000000028ade000 	/System/Library/PrivateFrameworks/Backup.framework/Versions/A/Backup
0x0000000028ade000 	/usr/lib/libarchive.2.dylib
0x0000000028ade000 	/System/Library/Frameworks/CFNetwork.framework/Versions/A/CFNetwork
0x0000000028ade000 	/System/Library/Frameworks/SystemConfiguration.framework/Versions/A/SystemConfiguration
0x0000000028ade000 	/usr/lib/libCRFSuite.dylib
0x0000000028ade000 	/usr/lib/libc++.1.dylib
0x0000000028ade000 	/usr/lib/libc++abi.dylib
0x0000000028ade000 	/usr/lib/system/libcache.dylib
0x0000000028ade000 	/usr/lib/system/libcommonCrypto.dylib
0x0000000028ade000 	/usr/lib/system/libcompiler_rt.dylib
0x0000000028ade000 	/usr/lib/system/libcopyfile.dylib
0x0000000028ade000 	/usr/lib/system/libcorecrypto.dylib
0x0000000028ade000 	/usr/lib/system/libdispatch.dylib
0x0000000028ade000 	/usr/lib/system/libdyld.dylib
0x0000000028ade000 	/usr/lib/system/libkeymgr.dylib
0x0000000028ade000 	/usr/lib/system/liblaunch.dylib
0x0000000028ade000 	/usr/lib/system/libmacho.dylib
0x0000000028ade000 	/usr/lib/system/libquarantine.dylib
0x0000000028ade000 	/usr/lib/system/libremovefile.dylib
0x0000000028ade000 	/usr/lib/system/libsystem_asl.dylib
0x0000000028ade000 	/usr/lib/system/libsystem_blocks.dylib
0x0000000028ade000 	/usr/lib/system/libsystem_c.dylib
0x0000000028ade000 	/usr/lib/system/libsystem_configuration.dylib
0x0000000028ade000 	/usr/lib/system/libsystem_coreservices.dylib
0x0000000028ade000 	/usr/lib/system/libsystem_coretls.dylib
0x0000000028ade000 	/usr/lib/system/libsystem_dnssd.dylib
0x0000000028ade000 	/usr/lib/system/libsystem_info.dylib
0x0000000028ade000 	/usr/lib/system/libsystem_kernel.dylib
0x0000000028ade000 	/usr/lib/system/libsystem_m.dylib
0x0000000028ade000 	/usr/lib/system/libsystem_malloc.dylib
0x0000000028ade000 	/usr/lib/system/libsystem_network.dylib
0x0000000028ade000 	/usr/lib/system/libsystem_networkextension.dylib
0x0000000028ade000 	/usr/lib/system/libsystem_notify.dylib
0x0000000028ade000 	/usr/lib/system/libsystem_platform.dylib
0x0000000028ade000 	/usr/lib/system/libsystem_pthread.dylib
0x0000000028ade000 	/usr/lib/system/libsystem_sandbox.dylib
0x0000000028ade000 	/usr/lib/system/libsystem_secinit.dylib
0x0000000028ade000 	/usr/lib/system/libsystem_symptoms.dylib
0x0000000028ade000 	/usr/lib/system/libsystem_trace.dylib
0x0000000028ade000 	/usr/lib/system/libunwind.dylib
0x0000000028ade000 	/usr/lib/system/libxpc.dylib
0x0000000028ade000 	/usr/lib/libbsm.0.dylib
0x0000000028ade000 	/usr/lib/system/libkxld.dylib
0x0000000028ade000 	/usr/lib/libcoretls.dylib
0x0000000028ade000 	/usr/lib/libcoretls_cfhelpers.dylib
0x0000000028ade000 	/usr/lib/libxar.1.dylib
0x0000000028ade000 	/usr/lib/libsqlite3.dylib
0x0000000028ade000 	/usr/lib/libpam.2.dylib
0x0000000028ade000 	/usr/lib/libOpenScriptingUtil.dylib
0x0000000028ade000 	/usr/lib/libbz2.1.0.dylib
0x0000000028ade000 	/usr/lib/liblzma.5.dylib
0x0000000028ade000 	/usr/lib/libnetwork.dylib
0x0000000028ade000 	/usr/lib/libpcap.A.dylib
0x0000000028ade000 	/System/Library/Frameworks/CoreServices.framework/Versions/A/Frameworks/FSEvents.framework/Versions/A/FSEvents
0x0000000028ade000 	/System/Library/Frameworks/CoreServices.framework/Versions/A/Frameworks/CarbonCore.framework/Versions/A/CarbonCore
0x0000000028ade000 	/System/Library/Frameworks/CoreServices.framework/Versions/A/Frameworks/Metadata.framework/Versions/A/Metadata
0x0000000028ade000 	/System/Library/Frameworks/CoreServices.framework/Versions/A/Frameworks/OSServices.framework/Versions/A/OSServices
0x0000000028ade000 	/System/Library/Frameworks/CoreServices.framework/Versions/A/Frameworks/SearchKit.framework/Versions/A/SearchKit
0x0000000028ade000 	/System/Library/Frameworks/CoreServices.framework/Versions/A/Frameworks/AE.framework/Versions/A/AE
0x0000000028ade000 	/System/Library/Frameworks/CoreServices.framework/Versions/A/Frameworks/LaunchServices.framework/Versions/A/LaunchServices
0x0000000028ade000 	/System/Library/Frameworks/CoreServices.framework/Versions/A/Frameworks/DictionaryServices.framework/Versions/A/DictionaryServices
0x0000000028ade000 	/System/Library/Frameworks/CoreServices.framework/Versions/A/Frameworks/SharedFileList.framework/Versions/A/SharedFileList
0x0000000028ade000 	/System/Library/Frameworks/NetFS.framework/Versions/A/NetFS
0x0000000028ade000 	/System/Library/PrivateFrameworks/NetAuth.framework/Versions/A/NetAuth
0x0000000028ade000 	/System/Library/PrivateFrameworks/login.framework/Versions/A/Frameworks/loginsupport.framework/Versions/A/loginsupport
0x0000000028ade000 	/System/Library/PrivateFrameworks/TCC.framework/Versions/A/TCC
0x0000000028ade000 	/usr/lib/libmecabra.dylib
0x0000000028ade000 	/System/Library/Frameworks/ApplicationServices.framework/Versions/A/Frameworks/ATS.framework/Versions/A/ATS
0x0000000028ade000 	/System/Library/Frameworks/ApplicationServices.framework/Versions/A/Frameworks/ColorSync.framework/Versions/A/ColorSync
0x0000000028ade000 	/System/Library/Frameworks/ApplicationServices.framework/Versions/A/Frameworks/HIServices.framework/Versions/A/HIServices
0x0000000028ade000 	/System/Library/Frameworks/ApplicationServices.framework/Versions/A/Frameworks/LangAnalysis.framework/Versions/A/LangAnalysis
0x0000000028ade000 	/System/Library/Frameworks/ApplicationServices.framework/Versions/A/Frameworks/PrintCore.framework/Versions/A/PrintCore
0x0000000028ade000 	/System/Library/Frameworks/ApplicationServices.framework/Versions/A/Frameworks/QD.framework/Versions/A/QD
0x0000000028ade000 	/System/Library/Frameworks/ApplicationServices.framework/Versions/A/Frameworks/SpeechSynthesis.framework/Versions/A/SpeechSynthesis
0x0000000028ade000 	/System/Library/Frameworks/Accelerate.framework/Versions/A/Frameworks/vImage.framework/Versions/A/vImage
0x0000000028ade000 	/System/Library/Frameworks/Accelerate.framework/Versions/A/Frameworks/vecLib.framework/Versions/A/vecLib
0x0000000028ade000 	/System/Library/Frameworks/Accelerate.framework/Versions/A/Frameworks/vecLib.framework/Versions/A/libvDSP.dylib
0x0000000028ade000 	/System/Library/Frameworks/Accelerate.framework/Versions/A/Frameworks/vecLib.framework/Versions/A/libBNNS.dylib
0x0000000028ade000 	/System/Library/Frameworks/Accelerate.framework/Versions/A/Frameworks/vecLib.framework/Versions/A/libQuadrature.dylib
0x0000000028ade000 	/System/Library/Frameworks/Accelerate.framework/Versions/A/Frameworks/vecLib.framework/Versions/A/libvMisc.dylib
0x0000000028ade000 	/System/Library/Frameworks/Accelerate.framework/Versions/A/Frameworks/vecLib.framework/Versions/A/libLAPACK.dylib
0x0000000028ade000 	/System/Library/Frameworks/Accelerate.framework/Versions/A/Frameworks/vecLib.framework/Versions/A/libBLAS.dylib
0x0000000028ade000 	/System/Library/Frameworks/Accelerate.framework/Versions/A/Frameworks/vecLib.framework/Versions/A/libLinearAlgebra.dylib
0x0000000028ade000 	/System/Library/Frameworks/Accelerate.framework/Versions/A/Frameworks/vecLib.framework/Versions/A/libSparseBLAS.dylib
0x0000000028ade000 	/System/Library/Frameworks/ApplicationServices.framework/Versions/A/Frameworks/ATS.framework/Versions/A/Resources/libFontParser.dylib
0x0000000028ade000 	/System/Library/Frameworks/ApplicationServices.framework/Versions/A/Frameworks/ATS.framework/Versions/A/Resources/libFontRegistry.dylib
0x0000000028ade000 	/System/Library/Frameworks/ImageIO.framework/Versions/A/Resources/libJPEG.dylib
0x0000000028ade000 	/System/Library/Frameworks/ImageIO.framework/Versions/A/Resources/libTIFF.dylib
0x0000000028ade000 	/System/Library/Frameworks/ImageIO.framework/Versions/A/Resources/libPng.dylib
0x0000000028ade000 	/System/Library/Frameworks/ImageIO.framework/Versions/A/Resources/libGIF.dylib
0x0000000028ade000 	/System/Library/Frameworks/ImageIO.framework/Versions/A/Resources/libJP2.dylib
0x0000000028ade000 	/System/Library/Frameworks/ImageIO.framework/Versions/A/Resources/libRadiance.dylib
0x0000000028ade000 	/usr/lib/libcompression.dylib
0x0000000028ade000 	/System/Library/PrivateFrameworks/AppleJPEG.framework/Versions/A/AppleJPEG
0x0000000028ade000 	/usr/lib/libcups.2.dylib
0x0000000028ade000 	/System/Library/Frameworks/Kerberos.framework/Versions/A/Kerberos
0x0000000028ade000 	/System/Library/Frameworks/GSS.framework/Versions/A/GSS
0x0000000028ade000 	/usr/lib/libresolv.9.dylib
0x0000000028ade000 	/usr/lib/libiconv.2.dylib
0x0000000028ade000 	/System/Library/PrivateFrameworks/Heimdal.framework/Versions/A/Heimdal
0x0000000028ade000 	/usr/lib/libheimdal-asn1.dylib
0x0000000028ade000 	/System/Library/Frameworks/OpenDirectory.framework/Versions/A/OpenDirectory
0x0000000028ade000 	/System/Library/PrivateFrameworks/CommonAuth.framework/Versions/A/CommonAuth
0x0000000028ade000 	/System/Library/Frameworks/OpenDirectory.framework/Versions/A/Frameworks/CFOpenDirectory.framework/Versions/A/CFOpenDirectory
0x0000000028ade000 	/System/Library/Frameworks/SecurityFoundation.framework/Versions/A/SecurityFoundation
0x0000000028ade000 	/System/Library/PrivateFrameworks/LanguageModeling.framework/Versions/A/LanguageModeling
0x0000000028ade000 	/usr/lib/libmarisa.dylib
0x0000000028ade000 	/usr/lib/libChineseTokenizer.dylib
0x0000000028ade000 	/usr/lib/libcmph.dylib
0x0000000028ade000 	/System/Library/PrivateFrameworks/CoreEmoji.framework/Versions/A/CoreEmoji
0x0000000028ade000 	/System/Library/Frameworks/ServiceManagement.framework/Versions/A/ServiceManagement
0x0000000028ade000 	/usr/lib/libxslt.1.dylib
0x0000000028ade000 	/System/Library/Frameworks/Carbon.framework/Versions/A/Frameworks/Ink.framework/Versions/A/Ink
0x0000000028ade000 	/System/Library/PrivateFrameworks/TextureIO.framework/Versions/A/TextureIO
0x0000000028ade000 	/System/Library/Frameworks/Metal.framework/Versions/A/Metal
0x0000000028ade000 	/usr/lib/libate.dylib
0x0000000028ade000 	/System/Library/PrivateFrameworks/GPUCompiler.framework/libmetal_timestamp.dylib
0x0000000028ade000 	/System/Library/Frameworks/OpenGL.framework/Versions/A/Libraries/libCoreFSCache.dylib
0x0000000028ade000 	/System/Library/PrivateFrameworks/IOAccelerator.framework/Versions/A/IOAccelerator
0x0000000028ade000 	/System/Library/Frameworks/CoreVideo.framework/Versions/A/CoreVideo
0x0000000028ade000 	/usr/lib/libFosl_dynamic.dylib
0x0000000028ade000 	/System/Library/PrivateFrameworks/MetalPerformanceShaders.framework/Versions/A/MetalPerformanceShaders
0x0000000028ade000 	/System/Library/PrivateFrameworks/FaceCore.framework/Versions/A/FaceCore
0x0000000028ade000 	/System/Library/Frameworks/OpenCL.framework/Versions/A/OpenCL
0x0000000028ade000 	/System/Library/Frameworks/OpenGL.framework/Versions/A/Libraries/libGLU.dylib
0x0000000028ade000 	/System/Library/Frameworks/OpenGL.framework/Versions/A/Libraries/libGFXShared.dylib
0x0000000028ade000 	/System/Library/Frameworks/OpenGL.framework/Versions/A/Libraries/libGL.dylib
0x0000000028ade000 	/System/Library/Frameworks/OpenGL.framework/Versions/A/Libraries/libGLImage.dylib
0x0000000028ade000 	/System/Library/Frameworks/OpenGL.framework/Versions/A/Libraries/libCVMSPluginSupport.dylib
0x0000000028ade000 	/System/Library/Frameworks/OpenGL.framework/Versions/A/Libraries/libCoreVMClient.dylib
0x0000000028ade000 	/System/Library/PrivateFrameworks/CrashReporterSupport.framework/Versions/A/CrashReporterSupport
0x0000000028ade000 	/System/Library/PrivateFrameworks/Sharing.framework/Versions/A/Sharing
0x0000000028ade000 	/System/Library/PrivateFrameworks/IconServices.framework/Versions/A/IconServices
0x0000000028ade000 	/System/Library/PrivateFrameworks/ProtocolBuffer.framework/Versions/A/ProtocolBuffer
0x0000000028ade000 	/System/Library/PrivateFrameworks/Apple80211.framework/Versions/A/Apple80211
0x0000000028ade000 	/System/Library/Frameworks/CoreWLAN.framework/Versions/A/CoreWLAN
0x0000000028ade000 	/System/Library/PrivateFrameworks/CoreUtils.framework/Versions/A/CoreUtils
0x0000000028ade000 	/System/Library/Frameworks/IOBluetooth.framework/Versions/A/IOBluetooth
0x0000000028ade000 	/System/Library/PrivateFrameworks/CoreWiFi.framework/Versions/A/CoreWiFi
0x0000000028ade000 	/System/Library/Frameworks/CoreBluetooth.framework/Versions/A/CoreBluetooth
0x0000000028ade000 	/System/Library/Frameworks/CoreDisplay.framework/Versions/A/CoreDisplay
0x0000000028ade000 	/System/Library/PrivateFrameworks/IOPresentment.framework/Versions/A/IOPresentment
0x0000000028ade000 	/System/Library/PrivateFrameworks/DebugSymbols.framework/Versions/A/DebugSymbols
0x0000000028ade000 	/System/Library/PrivateFrameworks/CoreSymbolication.framework/Versions/A/CoreSymbolication
0x0000000028ade000 	/System/Library/PrivateFrameworks/Symbolication.framework/Versions/A/Symbolication
0x0000000028ade000 	/System/Library/PrivateFrameworks/AppleFSCompression.framework/Versions/A/AppleFSCompression
0x0000000028ade000 	/System/Library/PrivateFrameworks/SpeechRecognitionCore.framework/Versions/A/SpeechRecognitionCore
0x0000000028ade000 	/System/Library/PrivateFrameworks/ChunkingLibrary.framework/Versions/A/ChunkingLibrary
0x0000000100509000 	/Applications/Eclipse.app/Contents/Eclipse/plugins/org.eclipse.equinox.launcher.cocoa.macosx.x86_64_1.1.401.v20161122-1740/eclipse_1615.so
0x0000000028ade000 	/System/Library/PrivateFrameworks/CoreServicesInternal.framework/Versions/A/CoreServicesInternal
0x000000010054a000 	/Library/Java/JavaVirtualMachines/jdk1.8.0_102.jdk/Contents/MacOS/libjli.dylib
0x0000000105213000 	/Library/Java/JavaVirtualMachines/jdk1.8.0_102.jdk/Contents/Home/jre//lib/server/libjvm.dylib
0x000000010055a000 	/usr/lib/libstdc++.6.dylib
0x0000000100613000 	/Library/Java/JavaVirtualMachines/jdk1.8.0_102.jdk/Contents/Home/jre/lib/libverify.dylib
0x0000000100621000 	/Library/Java/JavaVirtualMachines/jdk1.8.0_102.jdk/Contents/Home/jre/lib/libjava.dylib
0x000000010065f000 	/Library/Java/JavaVirtualMachines/jdk1.8.0_102.jdk/Contents/Home/jre/lib/libzip.dylib
0x0000000109123000 	/System/Library/Frameworks/JavaVM.framework/Frameworks/JavaRuntimeSupport.framework/JavaRuntimeSupport
0x00000001007e9000 	/System/Library/Frameworks/JavaVM.framework/Versions/A/Frameworks/JavaNativeFoundation.framework/Versions/A/JavaNativeFoundation
0x000000010913d000 	/System/Library/Frameworks/JavaVM.framework/Versions/A/JavaVM
0x0000000028ade000 	/System/Library/Frameworks/Carbon.framework/Versions/A/Carbon
0x000000010914a000 	/System/Library/PrivateFrameworks/JavaLaunching.framework/Versions/A/JavaLaunching
0x0000000028ade000 	/System/Library/Frameworks/Carbon.framework/Versions/A/Frameworks/CommonPanels.framework/Versions/A/CommonPanels
0x0000000028ade000 	/System/Library/Frameworks/Carbon.framework/Versions/A/Frameworks/Help.framework/Versions/A/Help
0x0000000028ade000 	/System/Library/Frameworks/Carbon.framework/Versions/A/Frameworks/ImageCapture.framework/Versions/A/ImageCapture
0x0000000028ade000 	/System/Library/Frameworks/Carbon.framework/Versions/A/Frameworks/OpenScripting.framework/Versions/A/OpenScripting
0x0000000028ade000 	/System/Library/Frameworks/Carbon.framework/Versions/A/Frameworks/Print.framework/Versions/A/Print
0x0000000028ade000 	/System/Library/Frameworks/Carbon.framework/Versions/A/Frameworks/SecurityHI.framework/Versions/A/SecurityHI
0x0000000028ade000 	/System/Library/CoreServices/RawCamera.bundle/Contents/MacOS/RawCamera
0x000000011ad91000 	/System/Library/Frameworks/Accelerate.framework/Frameworks/vImage.framework/Versions/A/Libraries/libCGInterfaces.dylib
0x0000000028ade000 	/System/Library/PrivateFrameworks/FamilyControls.framework/Versions/A/FamilyControls
0x0000000028ade000 	/System/Library/PrivateFrameworks/CommerceKit.framework/Versions/A/Frameworks/CommerceCore.framework/Versions/A/CommerceCore
0x0000000028ade000 	/System/Library/PrivateFrameworks/SystemAdministration.framework/Versions/A/SystemAdministration
0x0000000028ade000 	/System/Library/PrivateFrameworks/AppContainer.framework/Versions/A/AppContainer
0x0000000028ade000 	/System/Library/PrivateFrameworks/SecCodeWrapper.framework/Versions/A/SecCodeWrapper
0x0000000028ade000 	/System/Library/Frameworks/DirectoryService.framework/Versions/A/DirectoryService
0x0000000028ade000 	/System/Library/PrivateFrameworks/DiskImages.framework/Versions/A/DiskImages
0x0000000028ade000 	/System/Library/PrivateFrameworks/LoginUIKit.framework/Versions/A/Frameworks/LoginUICore.framework/Versions/A/LoginUICore
0x0000000028ade000 	/usr/lib/libCoreStorage.dylib
0x0000000028ade000 	/usr/lib/libcsfde.dylib
0x0000000028ade000 	/usr/lib/libodfde.dylib
0x0000000028ade000 	/System/Library/Frameworks/DiscRecording.framework/Versions/A/DiscRecording
0x0000000028ade000 	/usr/lib/libcurl.4.dylib
0x0000000028ade000 	/System/Library/PrivateFrameworks/MediaKit.framework/Versions/A/MediaKit
0x0000000028ade000 	/System/Library/PrivateFrameworks/ProtectedCloudStorage.framework/Versions/A/ProtectedCloudStorage
0x0000000028ade000 	/System/Library/PrivateFrameworks/EFILogin.framework/Versions/A/EFILogin
0x0000000028ade000 	/usr/lib/libutil.dylib
0x0000000028ade000 	/System/Library/Frameworks/LDAP.framework/Versions/A/LDAP
0x0000000028ade000 	/usr/lib/libsasl2.2.dylib
0x0000000028ade000 	/System/Library/PrivateFrameworks/CoreDaemon.framework/Versions/B/CoreDaemon
0x0000000028ade000 	/System/Library/PrivateFrameworks/AppleSRP.framework/Versions/A/AppleSRP
0x0000000028ade000 	/System/Library/PrivateFrameworks/APFS.framework/Versions/A/APFS
0x0000000028ade000 	/System/Library/Frameworks/ApplicationServices.framework/Versions/A/Frameworks/ATS.framework/Versions/A/Resources/libTrueTypeScaler.dylib
0x000000011df48000 	/System/Library/Frameworks/OpenGL.framework/Resources/GLEngine.bundle/GLEngine
0x000000011e12c000 	/System/Library/Frameworks/OpenGL.framework/Versions/A/Libraries/libGLProgrammability.dylib
0x000000011f000000 	/System/Library/Extensions/AppleIntelBDWGraphicsGLDriver.bundle/Contents/MacOS/AppleIntelBDWGraphicsGLDriver
0x0000000028ade000 	/System/Library/PrivateFrameworks/GPUSupport.framework/Versions/A/Libraries/libGPUSupportMercury.dylib
0x000000011e55a000 	/System/Library/Frameworks/OpenGL.framework/Resources//GLRendererFloat.bundle/GLRendererFloat
0x0000000028ade000 	/System/Library/Frameworks/OpenCL.framework/Versions/A/Libraries/libcldcpuengine.dylib
0x0000000028ade000 	/usr/lib/libcrypto.0.9.8.dylib
0x0000000028ade000 	/System/Library/PrivateFrameworks/TrustEvaluationAgent.framework/Versions/A/TrustEvaluationAgent
0x000000011f75c000 	/System/Library/Extensions/AppleIntelBDWGraphicsMTLDriver.bundle/Contents/MacOS/AppleIntelBDWGraphicsMTLDriver
0x000000011fc4d000 	/Library/Java/JavaVirtualMachines/jdk1.8.0_102.jdk/Contents/Home/jre/lib/libnet.dylib
0x000000011e720000 	/Library/Java/JavaVirtualMachines/jdk1.8.0_102.jdk/Contents/Home/jre/lib/libnio.dylib
0x0000000028ade000 	/System/Library/PrivateFrameworks/ViewBridge.framework/Versions/A/ViewBridge
0x0000000028ade000 	/System/Library/PrivateFrameworks/XPCService.framework/Versions/A/XPCService
0x0000000028ade000 	/System/Library/PrivateFrameworks/AppSandbox.framework/Versions/A/AppSandbox
0x0000000028ade000 	/usr/lib/libsandbox.1.dylib
0x0000000028ade000 	/usr/lib/libMatch.1.dylib
0x000000011debd000 	/Applications/Eclipse.app/Contents/Eclipse/configuration/org.eclipse.osgi/409/0/.cp/libswt-cocoa-4628.jnilib
0x0000000028ade000 	/System/Library/Frameworks/WebKit.framework/Versions/A/WebKit
0x0000000028ade000 	/System/Library/Frameworks/JavaScriptCore.framework/Versions/A/JavaScriptCore
0x0000000028ade000 	/System/Library/Frameworks/SecurityInterface.framework/Versions/A/SecurityInterface
0x0000000028ade000 	/System/Library/Frameworks/WebKit.framework/Versions/A/Frameworks/WebKitLegacy.framework/Versions/A/WebKitLegacy
0x0000000028ade000 	/System/Library/Frameworks/WebKit.framework/Versions/A/Frameworks/WebCore.framework/Versions/A/WebCore
0x000000011f9ef000 	/Applications/Eclipse.app/Contents/Eclipse/configuration/org.eclipse.osgi/409/0/.cp/libswt-pi-cocoa-4628.jnilib
0x000000010916a000 	/Applications/Eclipse.app/Contents/Eclipse/configuration/org.eclipse.osgi/99/0/.cp/os/macosx/libunixfile_1_0_0.jnilib
0x00000001208b8000 	/Library/Java/JavaVirtualMachines/jdk1.8.0_102.jdk/Contents/Home/jre/lib/libsunec.dylib
0x0000000028ade000 	/System/Library/PrivateFrameworks/CloudDocs.framework/Versions/A/CloudDocs
0x0000000028ade000 	/System/Library/Frameworks/CloudKit.framework/Versions/A/CloudKit
0x0000000028ade000 	/System/Library/PrivateFrameworks/MMCS.framework/Versions/A/MMCS
0x0000000028ade000 	/System/Library/Frameworks/CoreLocation.framework/Versions/A/CoreLocation
0x0000000028ade000 	/System/Library/PrivateFrameworks/AssetCacheServices.framework/Versions/A/AssetCacheServices
0x0000000028ade000 	/System/Library/PrivateFrameworks/GeoServices.framework/Versions/A/GeoServices
0x000000011dba6000 	cl_kernels
0x0000000028ade000 	/System/Library/Frameworks/OpenCL.framework/Versions/A/Libraries/ImageFormats/unorm8_bgra.dylib
0x0000000028ade000 	/System/Library/Frameworks/OpenCL.framework/Versions/A/Libraries/ImageFormats/unorm8_rgba.dylib
0x000000011dcd7000 	cl_kernels
0x0000000028ade000 	/System/Library/PrivateFrameworks/Shortcut.framework/Versions/A/Shortcut
0x0000000028ade000 	/System/Library/PrivateFrameworks/HelpData.framework/Versions/A/HelpData
0x0000000028ade000 	/System/Library/PrivateFrameworks/DataDetectors.framework/Versions/A/DataDetectors
0x0000000028ade000 	/System/Library/Frameworks/AddressBook.framework/Versions/A/AddressBook
0x0000000028ade000 	/System/Library/Frameworks/Quartz.framework/Versions/A/Quartz
0x0000000028ade000 	/System/Library/PrivateFrameworks/ContactsPersistence.framework/Versions/A/ContactsPersistence
0x0000000028ade000 	/System/Library/PrivateFrameworks/CalendarAgentLink.framework/Versions/A/CalendarAgentLink
0x0000000028ade000 	/System/Library/PrivateFrameworks/ContactsFoundation.framework/Versions/A/ContactsFoundation
0x0000000028ade000 	/System/Library/PrivateFrameworks/vCard.framework/Versions/A/vCard
0x0000000028ade000 	/System/Library/PrivateFrameworks/IntlPreferences.framework/Versions/A/IntlPreferences
0x0000000028ade000 	/System/Library/PrivateFrameworks/ToneLibrary.framework/Versions/A/ToneLibrary
0x0000000028ade000 	/System/Library/PrivateFrameworks/ToneKit.framework/Versions/A/ToneKit
0x0000000028ade000 	/System/Library/PrivateFrameworks/ApplePushService.framework/Versions/A/ApplePushService
0x0000000028ade000 	/System/Library/PrivateFrameworks/PhoneNumbers.framework/Versions/A/PhoneNumbers
0x0000000028ade000 	/System/Library/Frameworks/Accounts.framework/Versions/A/Accounts
0x0000000028ade000 	/System/Library/PrivateFrameworks/OAuth.framework/Versions/A/OAuth
0x0000000028ade000 	/System/Library/Frameworks/AVFoundation.framework/Versions/A/AVFoundation
0x0000000028ade000 	/System/Library/Frameworks/AVFoundation.framework/Versions/A/Frameworks/AVFAudio.framework/Versions/A/AVFAudio
0x0000000028ade000 	/System/Library/Frameworks/CoreMedia.framework/Versions/A/CoreMedia
0x0000000028ade000 	/System/Library/Frameworks/MediaToolbox.framework/Versions/A/MediaToolbox
0x0000000028ade000 	/System/Library/Frameworks/VideoToolbox.framework/Versions/A/VideoToolbox
0x0000000028ade000 	/System/Library/Frameworks/CoreMediaIO.framework/Versions/A/CoreMediaIO
0x0000000028ade000 	/usr/lib/libspindump.dylib
0x0000000028ade000 	/usr/lib/libdscsym.dylib
0x0000000028ade000 	/System/Library/PrivateFrameworks/CoreAVCHD.framework/Versions/A/CoreAVCHD
0x0000000028ade000 	/System/Library/Frameworks/MediaAccessibility.framework/Versions/A/MediaAccessibility
0x0000000028ade000 	/System/Library/PrivateFrameworks/Mangrove.framework/Versions/A/Mangrove
0x0000000028ade000 	/System/Library/PrivateFrameworks/CoreAUC.framework/Versions/A/CoreAUC
0x0000000028ade000 	/System/Library/PrivateFrameworks/AppleVA.framework/Versions/A/AppleVA
0x0000000028ade000 	/System/Library/Frameworks/Quartz.framework/Versions/A/Frameworks/QuartzComposer.framework/Versions/A/QuartzComposer
0x0000000028ade000 	/System/Library/Frameworks/Quartz.framework/Versions/A/Frameworks/PDFKit.framework/Versions/A/PDFKit
0x0000000028ade000 	/System/Library/Frameworks/Quartz.framework/Versions/A/Frameworks/QuartzFilters.framework/Versions/A/QuartzFilters
0x0000000028ade000 	/System/Library/Frameworks/Quartz.framework/Versions/A/Frameworks/ImageKit.framework/Versions/A/ImageKit
0x0000000028ade000 	/System/Library/Frameworks/Quartz.framework/Versions/A/Frameworks/QuickLookUI.framework/Versions/A/QuickLookUI
0x0000000028ade000 	/System/Library/Frameworks/QTKit.framework/Versions/A/QTKit
0x0000000028ade000 	/System/Library/PrivateFrameworks/AppleSystemInfo.framework/Versions/A/AppleSystemInfo
0x0000000028ade000 	/System/Library/PrivateFrameworks/CoreMediaAuthoring.framework/Versions/A/CoreMediaAuthoring
0x0000000028ade000 	/System/Library/PrivateFrameworks/CorePDF.framework/Versions/A/CorePDF
0x0000000028ade000 	/System/Library/Frameworks/SafariServices.framework/Versions/A/SafariServices
0x0000000028ade000 	/System/Library/Frameworks/QuickLook.framework/Versions/A/QuickLook
0x0000000028ade000 	/System/Library/PrivateFrameworks/MobileKeyBag.framework/Versions/A/MobileKeyBag
0x0000000028ade000 	/System/Library/PrivateFrameworks/QuickLookThumbnailing.framework/Versions/A/QuickLookThumbnailing
0x0000000028ade000 	/System/Library/PrivateFrameworks/DisplayServices.framework/Versions/A/DisplayServices
0x0000000028ade000 	/System/Library/Frameworks/ImageCaptureCore.framework/Versions/A/ImageCaptureCore
0x0000000120703000 	/System/Library/PrivateFrameworks/CoreNLP.framework/Versions/A/CoreNLP
0x000000011b33a000 	cl_kernels
0x000000011b3ed000 	/Applications/Eclipse.app/Contents/Eclipse/configuration/org.eclipse.osgi/58/0/.cp/os/macosx/x86_64/libspawner.jnilib
0x000000011b154000 	/Applications/Eclipse.app/Contents/Eclipse/configuration/org.eclipse.osgi/58/0/.cp/os/macosx/x86_64/libpty.jnilib

VM Arguments:
jvm_args: -Dosgi.requiredJavaVersion=1.8 -XX:+UseG1GC -XX:+UseStringDeduplication -XstartOnFirstThread -Dorg.eclipse.swt.internal.carbon.smallFonts -Dosgi.requiredJavaVersion=1.8 -Xms256m -Xmx1024m -Xdock:icon=../Resources/Eclipse.icns -XstartOnFirstThread -Dorg.eclipse.swt.internal.carbon.smallFonts 
java_command: <unknown>
java_class_path (initial): /Applications/Eclipse.app/Contents/MacOS//../Eclipse/plugins/org.eclipse.equinox.launcher_1.3.201.v20161025-1711.jar
Launcher Type: generic

Environment Variables:
PATH=/usr/bin:/bin:/usr/sbin:/sbin
SHELL=/bin/bash

Signal Handlers:
SIGSEGV: [libjvm.dylib+0x5b0579], sa_mask[0]=11111111011111110111111111111111, sa_flags=SA_ONSTACK|SA_RESTART|SA_SIGINFO
SIGBUS: [libjvm.dylib+0x5b0579], sa_mask[0]=11111111011111110111111111111111, sa_flags=SA_RESTART|SA_SIGINFO
SIGFPE: [libjvm.dylib+0x4874e4], sa_mask[0]=11111111011111110111111111111111, sa_flags=SA_RESTART|SA_SIGINFO
SIGPIPE: [libjvm.dylib+0x4874e4], sa_mask[0]=11111111011111110111111111111111, sa_flags=SA_RESTART|SA_SIGINFO
SIGXFSZ: [libjvm.dylib+0x4874e4], sa_mask[0]=11111111011111110111111111111111, sa_flags=SA_RESTART|SA_SIGINFO
SIGILL: [libjvm.dylib+0x4874e4], sa_mask[0]=11111111011111110111111111111111, sa_flags=SA_RESTART|SA_SIGINFO
SIGUSR1: SIG_DFL, sa_mask[0]=00000000000000000000000000000000, sa_flags=none
SIGUSR2: [libjvm.dylib+0x487002], sa_mask[0]=00000000000000000000000000000000, sa_flags=SA_RESTART|SA_SIGINFO
SIGHUP: [libjvm.dylib+0x4855d9], sa_mask[0]=11111111011111110111111111111111, sa_flags=SA_RESTART|SA_SIGINFO
SIGINT: [libjvm.dylib+0x4855d9], sa_mask[0]=11111111011111110111111111111111, sa_flags=SA_RESTART|SA_SIGINFO
SIGTERM: [libjvm.dylib+0x4855d9], sa_mask[0]=11111111011111110111111111111111, sa_flags=SA_RESTART|SA_SIGINFO
SIGQUIT: [libjvm.dylib+0x4855d9], sa_mask[0]=11111111011111110111111111111111, sa_flags=SA_RESTART|SA_SIGINFO


---------------  S Y S T E M  ---------------

OS:Bsduname:Darwin 16.3.0 Darwin Kernel Version 16.3.0: Thu Nov 17 20:23:58 PST 2016; root:xnu-3789.31.2~1/RELEASE_X86_64 x86_64
rlimit: STACK 8192k, CORE 0k, NPROC 709, NOFILE 10240, AS infinity
load average:3.03 2.86 2.67

CPU:total 4 (2 cores per cpu, 2 threads per core) family 6 model 61 stepping 4, cmov, cx8, fxsr, mmx, sse, sse2, sse3, ssse3, sse4.1, sse4.2, popcnt, avx, avx2, aes, clmul, erms, 3dnowpref, lzcnt, ht, tsc, tscinvbit, bmi1, bmi2, adx

Memory: 4k page, physical 8388608k(86588k free)

/proc/meminfo:


vm_info: Java HotSpot(TM) 64-Bit Server VM (25.102-b14) for bsd-amd64 JRE (1.8.0_102-b14), built on Jun 22 2016 11:42:36 by "java_re" with gcc 4.2.1 (Based on Apple Inc. build 5658) (LLVM build 2336.11.00)

time: Mon Jan 23 22:20:49 2017
elapsed time: 249 seconds (0d 0h 4m 9s)

